2017-04-04 10:10:55 5288 [Note] Plugin 'FEDERATED' is disabled.
2017-04-04 10:10:55 5288 [Note] InnoDB: The InnoDB memory heap is disabled
2017-04-04 10:10:55 5288 [Note] InnoDB: Mutexes and rw_locks use Windows interlocked functions
2017-04-04 10:10:55 5288 [Note] InnoDB: Compressed tables use zlib 1.2.3
2017-04-04 10:10:55 5288 [Note] InnoDB: Not using CPU crc32 instructions
2017-04-04 10:10:55 5288 [Note] InnoDB: Initializing buffer pool, size = 128.0M
2017-04-04 10:10:55 5288 [Note] InnoDB: Completed initialization of buffer pool
2017-04-04 10:10:55 5288 [Note] InnoDB: Highest supported file format is Barracuda.
2017-04-04 10:10:55 5288 [Note] InnoDB: The log sequence numbers 1831624 and 1831624 in ibdata files do not match the log sequence number 1849800 in the ib_logfiles!
2017-04-04 10:10:55 5288 [Note] InnoDB: Database was not shutdown normally!
2017-04-04 10:10:55 5288 [Note] InnoDB: Starting crash recovery.
2017-04-04 10:10:55 5288 [Note] InnoDB: Reading tablespace information from the .ibd files...
2017-04-04 10:10:55 5288 [Note] InnoDB: Restoring possible half-written data pages 
2017-04-04 10:10:55 5288 [Note] InnoDB: from the doublewrite buffer...
2017-04-04 10:10:56 5288 [Note] InnoDB: 128 rollback segment(s) are active.
2017-04-04 10:10:56 5288 [Note] InnoDB: Waiting for purge to start
2017-04-04 10:10:56 5288 [Note] InnoDB: 5.6.13 started; log sequence number 1849800
2017-04-04 10:10:56 5288 [Note] Server hostname (bind-address): '*'; port: 3307
2017-04-04 10:10:56 5288 [Note] IPv6 is available.
2017-04-04 10:10:56 5288 [Note]   - '::' resolves to '::';
2017-04-04 10:10:56 5288 [Note] Server socket created on IP: '::'.
2017-04-04 10:10:56 5288 [ERROR] Can't start server: Bind on TCP/IP port: No such file or directory
2017-04-04 10:10:56 5288 [ERROR] Do you already have another mysqld server running on port: 3307 ?
2017-04-04 10:10:56 5288 [ERROR] Aborting

2017-04-04 10:10:56 5288 [Note] Binlog end
2017-04-04 10:10:56 5288 [Note] Shutting down plugin 'partition'
2017-04-04 10:10:56 5288 [Note] Shutting down plugin 'PERFORMANCE_SCHEMA'
2017-04-04 10:10:56 5288 [Note] Shutting down plugin 'INNODB_SYS_DATAFILES'
2017-04-04 10:10:56 5288 [Note] Shutting down plugin 'INNODB_SYS_TABLESPACES'
2017-04-04 10:10:56 5288 [Note] Shutting down plugin 'INNODB_SYS_FOREIGN_COLS'
2017-04-04 10:10:56 5288 [Note] Shutting down plugin 'INNODB_SYS_FOREIGN'
2017-04-04 10:10:56 5288 [Note] Shutting down plugin 'INNODB_SYS_FIELDS'
2017-04-04 10:10:56 5288 [Note] Shutting down plugin 'INNODB_SYS_COLUMNS'
2017-04-04 10:10:56 5288 [Note] Shutting down plugin 'INNODB_SYS_INDEXES'
2017-04-04 10:10:56 5288 [Note] Shutting down plugin 'INNODB_SYS_TABLESTATS'
2017-04-04 10:10:56 5288 [Note] Shutting down plugin 'INNODB_SYS_TABLES'
2017-04-04 10:10:56 5288 [Note] Shutting down plugin 'INNODB_FT_INDEX_TABLE'
2017-04-04 10:10:56 5288 [Note] Shutting down plugin 'INNODB_FT_INDEX_CACHE'
2017-04-04 10:10:56 5288 [Note] Shutting down plugin 'INNODB_FT_CONFIG'
2017-04-04 10:10:56 5288 [Note] Shutting down plugin 'INNODB_FT_BEING_DELETED'
2017-04-04 10:10:56 5288 [Note] Shutting down plugin 'INNODB_FT_DELETED'
2017-04-04 10:10:56 5288 [Note] Shutting down plugin 'INNODB_FT_DEFAULT_STOPWORD'
2017-04-04 10:10:56 5288 [Note] Shutting down plugin 'INNODB_METRICS'
2017-04-04 10:10:56 5288 [Note] Shutting down plugin 'INNODB_BUFFER_POOL_STATS'
2017-04-04 10:10:56 5288 [Note] Shutting down plugin 'INNODB_BUFFER_PAGE_LRU'
2017-04-04 10:10:56 5288 [Note] Shutting down plugin 'INNODB_BUFFER_PAGE'
2017-04-04 10:10:56 5288 [Note] Shutting down plugin 'INNODB_CMP_PER_INDEX_RESET'
2017-04-04 10:10:56 5288 [Note] Shutting down plugin 'INNODB_CMP_PER_INDEX'
2017-04-04 10:10:56 5288 [Note] Shutting down plugin 'INNODB_CMPMEM_RESET'
2017-04-04 10:10:56 5288 [Note] Shutting down plugin 'INNODB_CMPMEM'
2017-04-04 10:10:56 5288 [Note] Shutting down plugin 'INNODB_CMP_RESET'
2017-04-04 10:10:56 5288 [Note] Shutting down plugin 'INNODB_CMP'
2017-04-04 10:10:56 5288 [Note] Shutting down plugin 'INNODB_LOCK_WAITS'
2017-04-04 10:10:56 5288 [Note] Shutting down plugin 'INNODB_LOCKS'
2017-04-04 10:10:56 5288 [Note] Shutting down plugin 'INNODB_TRX'
2017-04-04 10:10:56 5288 [Note] Shutting down plugin 'InnoDB'
2017-04-04 10:10:56 5288 [Note] InnoDB: FTS optimize thread exiting.
2017-04-04 10:10:56 5288 [Note] InnoDB: Starting shutdown...
2017-04-04 10:10:58 5288 [Note] InnoDB: Shutdown completed; log sequence number 1849810
2017-04-04 10:10:58 5288 [Note] Shutting down plugin 'BLACKHOLE'
2017-04-04 10:10:58 5288 [Note] Shutting down plugin 'ARCHIVE'
2017-04-04 10:10:58 5288 [Note] Shutting down plugin 'MRG_MYISAM'
2017-04-04 10:10:58 5288 [Note] Shutting down plugin 'MyISAM'
2017-04-04 10:10:58 5288 [Note] Shutting down plugin 'MEMORY'
2017-04-04 10:10:58 5288 [Note] Shutting down plugin 'CSV'
2017-04-04 10:10:58 5288 [Note] Shutting down plugin 'sha256_password'
2017-04-04 10:10:58 5288 [Note] Shutting down plugin 'mysql_old_password'
2017-04-04 10:10:58 5288 [Note] Shutting down plugin 'mysql_native_password'
2017-04-04 10:10:58 5288 [Note] Shutting down plugin 'binlog'
2017-04-04 10:10:58 5288 [Note] Z:\usbserver/mysql/bin/mysqld_usbwv8.exe: Shutdown complete

2017-04-04 10:26:59 4640 [Note] Plugin 'FEDERATED' is disabled.
2017-04-04 10:26:59 4640 [Note] InnoDB: The InnoDB memory heap is disabled
2017-04-04 10:26:59 4640 [Note] InnoDB: Mutexes and rw_locks use Windows interlocked functions
2017-04-04 10:26:59 4640 [Note] InnoDB: Compressed tables use zlib 1.2.3
2017-04-04 10:26:59 4640 [Note] InnoDB: Not using CPU crc32 instructions
2017-04-04 10:26:59 4640 [Note] InnoDB: Initializing buffer pool, size = 128.0M
2017-04-04 10:26:59 4640 [Note] InnoDB: Completed initialization of buffer pool
2017-04-04 10:27:00 4640 [Note] InnoDB: Highest supported file format is Barracuda.
2017-04-04 10:27:00 4640 [Note] InnoDB: 128 rollback segment(s) are active.
2017-04-04 10:27:00 4640 [Note] InnoDB: Waiting for purge to start
2017-04-04 10:27:00 4640 [Note] InnoDB: 5.6.13 started; log sequence number 1849810
2017-04-04 10:27:00 4640 [Note] Server hostname (bind-address): '*'; port: 3307
2017-04-04 10:27:00 4640 [Note] IPv6 is available.
2017-04-04 10:27:00 4640 [Note]   - '::' resolves to '::';
2017-04-04 10:27:00 4640 [Note] Server socket created on IP: '::'.
2017-04-04 10:27:00 4640 [ERROR] Can't start server: Bind on TCP/IP port: No such file or directory
2017-04-04 10:27:00 4640 [ERROR] Do you already have another mysqld server running on port: 3307 ?
2017-04-04 10:27:00 4640 [ERROR] Aborting

2017-04-04 10:27:00 4640 [Note] Binlog end
2017-04-04 10:27:00 4640 [Note] Shutting down plugin 'partition'
2017-04-04 10:27:00 4640 [Note] Shutting down plugin 'PERFORMANCE_SCHEMA'
2017-04-04 10:27:00 4640 [Note] Shutting down plugin 'INNODB_SYS_DATAFILES'
2017-04-04 10:27:00 4640 [Note] Shutting down plugin 'INNODB_SYS_TABLESPACES'
2017-04-04 10:27:00 4640 [Note] Shutting down plugin 'INNODB_SYS_FOREIGN_COLS'
2017-04-04 10:27:00 4640 [Note] Shutting down plugin 'INNODB_SYS_FOREIGN'
2017-04-04 10:27:00 4640 [Note] Shutting down plugin 'INNODB_SYS_FIELDS'
2017-04-04 10:27:00 4640 [Note] Shutting down plugin 'INNODB_SYS_COLUMNS'
2017-04-04 10:27:00 4640 [Note] Shutting down plugin 'INNODB_SYS_INDEXES'
2017-04-04 10:27:00 4640 [Note] Shutting down plugin 'INNODB_SYS_TABLESTATS'
2017-04-04 10:27:00 4640 [Note] Shutting down plugin 'INNODB_SYS_TABLES'
2017-04-04 10:27:00 4640 [Note] Shutting down plugin 'INNODB_FT_INDEX_TABLE'
2017-04-04 10:27:00 4640 [Note] Shutting down plugin 'INNODB_FT_INDEX_CACHE'
2017-04-04 10:27:00 4640 [Note] Shutting down plugin 'INNODB_FT_CONFIG'
2017-04-04 10:27:00 4640 [Note] Shutting down plugin 'INNODB_FT_BEING_DELETED'
2017-04-04 10:27:00 4640 [Note] Shutting down plugin 'INNODB_FT_DELETED'
2017-04-04 10:27:00 4640 [Note] Shutting down plugin 'INNODB_FT_DEFAULT_STOPWORD'
2017-04-04 10:27:00 4640 [Note] Shutting down plugin 'INNODB_METRICS'
2017-04-04 10:27:00 4640 [Note] Shutting down plugin 'INNODB_BUFFER_POOL_STATS'
2017-04-04 10:27:00 4640 [Note] Shutting down plugin 'INNODB_BUFFER_PAGE_LRU'
2017-04-04 10:27:00 4640 [Note] Shutting down plugin 'INNODB_BUFFER_PAGE'
2017-04-04 10:27:00 4640 [Note] Shutting down plugin 'INNODB_CMP_PER_INDEX_RESET'
2017-04-04 10:27:00 4640 [Note] Shutting down plugin 'INNODB_CMP_PER_INDEX'
2017-04-04 10:27:00 4640 [Note] Shutting down plugin 'INNODB_CMPMEM_RESET'
2017-04-04 10:27:00 4640 [Note] Shutting down plugin 'INNODB_CMPMEM'
2017-04-04 10:27:00 4640 [Note] Shutting down plugin 'INNODB_CMP_RESET'
2017-04-04 10:27:00 4640 [Note] Shutting down plugin 'INNODB_CMP'
2017-04-04 10:27:00 4640 [Note] Shutting down plugin 'INNODB_LOCK_WAITS'
2017-04-04 10:27:00 4640 [Note] Shutting down plugin 'INNODB_LOCKS'
2017-04-04 10:27:00 4640 [Note] Shutting down plugin 'INNODB_TRX'
2017-04-04 10:27:00 4640 [Note] Shutting down plugin 'InnoDB'
2017-04-04 10:27:00 4640 [Note] InnoDB: FTS optimize thread exiting.
2017-04-04 10:27:00 4640 [Note] InnoDB: Starting shutdown...
2017-04-04 10:27:02 4640 [Note] InnoDB: Shutdown completed; log sequence number 1849820
2017-04-04 10:27:02 4640 [Note] Shutting down plugin 'BLACKHOLE'
2017-04-04 10:27:02 4640 [Note] Shutting down plugin 'ARCHIVE'
2017-04-04 10:27:02 4640 [Note] Shutting down plugin 'MRG_MYISAM'
2017-04-04 10:27:02 4640 [Note] Shutting down plugin 'MyISAM'
2017-04-04 10:27:02 4640 [Note] Shutting down plugin 'MEMORY'
2017-04-04 10:27:02 4640 [Note] Shutting down plugin 'CSV'
2017-04-04 10:27:02 4640 [Note] Shutting down plugin 'sha256_password'
2017-04-04 10:27:02 4640 [Note] Shutting down plugin 'mysql_old_password'
2017-04-04 10:27:02 4640 [Note] Shutting down plugin 'mysql_native_password'
2017-04-04 10:27:02 4640 [Note] Shutting down plugin 'binlog'
2017-04-04 10:27:02 4640 [Note] Z:\usbserver/mysql/bin/mysqld_usbwv8.exe: Shutdown complete

2017-04-04 10:28:25 7740 [Note] Plugin 'FEDERATED' is disabled.
2017-04-04 10:28:25 7740 [Note] InnoDB: The InnoDB memory heap is disabled
2017-04-04 10:28:25 7740 [Note] InnoDB: Mutexes and rw_locks use Windows interlocked functions
2017-04-04 10:28:25 7740 [Note] InnoDB: Compressed tables use zlib 1.2.3
2017-04-04 10:28:25 7740 [Note] InnoDB: Not using CPU crc32 instructions
2017-04-04 10:28:25 7740 [Note] InnoDB: Initializing buffer pool, size = 128.0M
2017-04-04 10:28:25 7740 [Note] InnoDB: Completed initialization of buffer pool
2017-04-04 10:28:25 7740 [Note] InnoDB: Highest supported file format is Barracuda.
2017-04-04 10:28:26 7740 [Note] InnoDB: 128 rollback segment(s) are active.
2017-04-04 10:28:26 7740 [Note] InnoDB: Waiting for purge to start
2017-04-04 10:28:26 7740 [Note] InnoDB: 5.6.13 started; log sequence number 1849820
2017-04-04 10:28:26 7740 [Note] Server hostname (bind-address): '*'; port: 3307
2017-04-04 10:28:26 7740 [Note] IPv6 is available.
2017-04-04 10:28:26 7740 [Note]   - '::' resolves to '::';
2017-04-04 10:28:26 7740 [Note] Server socket created on IP: '::'.
2017-04-04 10:28:26 7740 [ERROR] Can't start server: Bind on TCP/IP port: No such file or directory
2017-04-04 10:28:26 7740 [ERROR] Do you already have another mysqld server running on port: 3307 ?
2017-04-04 10:28:26 7740 [ERROR] Aborting

2017-04-04 10:28:26 7740 [Note] Binlog end
2017-04-04 10:28:26 7740 [Note] Shutting down plugin 'partition'
2017-04-04 10:28:26 7740 [Note] Shutting down plugin 'PERFORMANCE_SCHEMA'
2017-04-04 10:28:26 7740 [Note] Shutting down plugin 'INNODB_SYS_DATAFILES'
2017-04-04 10:28:26 7740 [Note] Shutting down plugin 'INNODB_SYS_TABLESPACES'
2017-04-04 10:28:26 7740 [Note] Shutting down plugin 'INNODB_SYS_FOREIGN_COLS'
2017-04-04 10:28:26 7740 [Note] Shutting down plugin 'INNODB_SYS_FOREIGN'
2017-04-04 10:28:26 7740 [Note] Shutting down plugin 'INNODB_SYS_FIELDS'
2017-04-04 10:28:26 7740 [Note] Shutting down plugin 'INNODB_SYS_COLUMNS'
2017-04-04 10:28:26 7740 [Note] Shutting down plugin 'INNODB_SYS_INDEXES'
2017-04-04 10:28:26 7740 [Note] Shutting down plugin 'INNODB_SYS_TABLESTATS'
2017-04-04 10:28:26 7740 [Note] Shutting down plugin 'INNODB_SYS_TABLES'
2017-04-04 10:28:26 7740 [Note] Shutting down plugin 'INNODB_FT_INDEX_TABLE'
2017-04-04 10:28:26 7740 [Note] Shutting down plugin 'INNODB_FT_INDEX_CACHE'
2017-04-04 10:28:26 7740 [Note] Shutting down plugin 'INNODB_FT_CONFIG'
2017-04-04 10:28:26 7740 [Note] Shutting down plugin 'INNODB_FT_BEING_DELETED'
2017-04-04 10:28:26 7740 [Note] Shutting down plugin 'INNODB_FT_DELETED'
2017-04-04 10:28:26 7740 [Note] Shutting down plugin 'INNODB_FT_DEFAULT_STOPWORD'
2017-04-04 10:28:26 7740 [Note] Shutting down plugin 'INNODB_METRICS'
2017-04-04 10:28:26 7740 [Note] Shutting down plugin 'INNODB_BUFFER_POOL_STATS'
2017-04-04 10:28:26 7740 [Note] Shutting down plugin 'INNODB_BUFFER_PAGE_LRU'
2017-04-04 10:28:26 7740 [Note] Shutting down plugin 'INNODB_BUFFER_PAGE'
2017-04-04 10:28:26 7740 [Note] Shutting down plugin 'INNODB_CMP_PER_INDEX_RESET'
2017-04-04 10:28:26 7740 [Note] Shutting down plugin 'INNODB_CMP_PER_INDEX'
2017-04-04 10:28:26 7740 [Note] Shutting down plugin 'INNODB_CMPMEM_RESET'
2017-04-04 10:28:26 7740 [Note] Shutting down plugin 'INNODB_CMPMEM'
2017-04-04 10:28:26 7740 [Note] Shutting down plugin 'INNODB_CMP_RESET'
2017-04-04 10:28:26 7740 [Note] Shutting down plugin 'INNODB_CMP'
2017-04-04 10:28:26 7740 [Note] Shutting down plugin 'INNODB_LOCK_WAITS'
2017-04-04 10:28:26 7740 [Note] Shutting down plugin 'INNODB_LOCKS'
2017-04-04 10:28:26 7740 [Note] Shutting down plugin 'INNODB_TRX'
2017-04-04 10:28:26 7740 [Note] Shutting down plugin 'InnoDB'
2017-04-04 10:28:26 7740 [Note] InnoDB: FTS optimize thread exiting.
2017-04-04 10:28:26 7740 [Note] InnoDB: Starting shutdown...
2017-04-04 10:28:28 7740 [Note] InnoDB: Shutdown completed; log sequence number 1849830
2017-04-04 10:28:28 7740 [Note] Shutting down plugin 'BLACKHOLE'
2017-04-04 10:28:28 7740 [Note] Shutting down plugin 'ARCHIVE'
2017-04-04 10:28:28 7740 [Note] Shutting down plugin 'MRG_MYISAM'
2017-04-04 10:28:28 7740 [Note] Shutting down plugin 'MyISAM'
2017-04-04 10:28:28 7740 [Note] Shutting down plugin 'MEMORY'
2017-04-04 10:28:28 7740 [Note] Shutting down plugin 'CSV'
2017-04-04 10:28:28 7740 [Note] Shutting down plugin 'sha256_password'
2017-04-04 10:28:28 7740 [Note] Shutting down plugin 'mysql_old_password'
2017-04-04 10:28:28 7740 [Note] Shutting down plugin 'mysql_native_password'
2017-04-04 10:28:28 7740 [Note] Shutting down plugin 'binlog'
2017-04-04 10:28:28 7740 [Note] Z:\usbserver/mysql/bin/mysqld_usbwv8.exe: Shutdown complete

2017-08-02 15:17:50 1696 [Note] Plugin 'FEDERATED' is disabled.
2017-08-02 15:17:50 1696 [Note] InnoDB: The InnoDB memory heap is disabled
2017-08-02 15:17:50 1696 [Note] InnoDB: Mutexes and rw_locks use Windows interlocked functions
2017-08-02 15:17:50 1696 [Note] InnoDB: Compressed tables use zlib 1.2.3
2017-08-02 15:17:50 1696 [Note] InnoDB: Not using CPU crc32 instructions
2017-08-02 15:17:50 1696 [Note] InnoDB: Initializing buffer pool, size = 128.0M
2017-08-02 15:17:50 1696 [Note] InnoDB: Completed initialization of buffer pool
2017-08-02 15:17:51 1696 [Note] InnoDB: Highest supported file format is Barracuda.
2017-08-02 15:17:51 1696 [Note] InnoDB: The log sequence numbers 1849830 and 1849830 in ibdata files do not match the log sequence number 1862732 in the ib_logfiles!
2017-08-02 15:17:51 1696 [Note] InnoDB: Database was not shutdown normally!
2017-08-02 15:17:51 1696 [Note] InnoDB: Starting crash recovery.
2017-08-02 15:17:51 1696 [Note] InnoDB: Reading tablespace information from the .ibd files...
2017-08-02 15:17:51 1696 [Note] InnoDB: Restoring possible half-written data pages 
2017-08-02 15:17:51 1696 [Note] InnoDB: from the doublewrite buffer...
2017-08-02 15:17:53 3212 [Note] Plugin 'FEDERATED' is disabled.
2017-08-02 15:17:53 3212 [Note] InnoDB: The InnoDB memory heap is disabled
2017-08-02 15:17:53 3212 [Note] InnoDB: Mutexes and rw_locks use Windows interlocked functions
2017-08-02 15:17:53 3212 [Note] InnoDB: Compressed tables use zlib 1.2.3
2017-08-02 15:17:53 3212 [Note] InnoDB: Not using CPU crc32 instructions
2017-08-02 15:17:53 3212 [Note] InnoDB: Initializing buffer pool, size = 128.0M
2017-08-02 15:17:53 3212 [Note] InnoDB: Completed initialization of buffer pool
2017-08-02 15:17:54 3212 [ERROR] InnoDB: L:\usbserver\mysql\data\ibdata1 can't be opened in read-write mode
2017-08-02 15:17:54 3212 [ERROR] InnoDB: The system tablespace must be writable!
2017-08-02 15:17:54 3212 [ERROR] Plugin 'InnoDB' init function returned error.
2017-08-02 15:17:54 3212 [ERROR] Plugin 'InnoDB' registration as a STORAGE ENGINE failed.
2017-08-02 15:17:54 3212 [ERROR] Unknown/unsupported storage engine: InnoDB
2017-08-02 15:17:54 3212 [ERROR] Aborting

2017-08-02 15:17:54 3212 [Note] Binlog end
2017-08-02 15:17:54 3212 [Note] Shutting down plugin 'partition'
2017-08-02 15:17:54 3212 [Note] Shutting down plugin 'PERFORMANCE_SCHEMA'
2017-08-02 15:17:54 3212 [Note] Shutting down plugin 'INNODB_SYS_DATAFILES'
2017-08-02 15:17:54 3212 [Note] Shutting down plugin 'INNODB_SYS_TABLESPACES'
2017-08-02 15:17:54 3212 [Note] Shutting down plugin 'INNODB_SYS_FOREIGN_COLS'
2017-08-02 15:17:54 3212 [Note] Shutting down plugin 'INNODB_SYS_FOREIGN'
2017-08-02 15:17:54 3212 [Note] Shutting down plugin 'INNODB_SYS_FIELDS'
2017-08-02 15:17:54 3212 [Note] Shutting down plugin 'INNODB_SYS_COLUMNS'
2017-08-02 15:17:54 3212 [Note] Shutting down plugin 'INNODB_SYS_INDEXES'
2017-08-02 15:17:54 3212 [Note] Shutting down plugin 'INNODB_SYS_TABLESTATS'
2017-08-02 15:17:54 3212 [Note] Shutting down plugin 'INNODB_SYS_TABLES'
2017-08-02 15:17:54 3212 [Note] Shutting down plugin 'INNODB_FT_INDEX_TABLE'
2017-08-02 15:17:54 3212 [Note] Shutting down plugin 'INNODB_FT_INDEX_CACHE'
2017-08-02 15:17:54 3212 [Note] Shutting down plugin 'INNODB_FT_CONFIG'
2017-08-02 15:17:54 3212 [Note] Shutting down plugin 'INNODB_FT_BEING_DELETED'
2017-08-02 15:17:54 3212 [Note] Shutting down plugin 'INNODB_FT_DELETED'
2017-08-02 15:17:54 3212 [Note] Shutting down plugin 'INNODB_FT_DEFAULT_STOPWORD'
2017-08-02 15:17:54 3212 [Note] Shutting down plugin 'INNODB_METRICS'
2017-08-02 15:17:54 3212 [Note] Shutting down plugin 'INNODB_BUFFER_POOL_STATS'
2017-08-02 15:17:54 3212 [Note] Shutting down plugin 'INNODB_BUFFER_PAGE_LRU'
2017-08-02 15:17:54 3212 [Note] Shutting down plugin 'INNODB_BUFFER_PAGE'
2017-08-02 15:17:54 3212 [Note] Shutting down plugin 'INNODB_CMP_PER_INDEX_RESET'
2017-08-02 15:17:54 3212 [Note] Shutting down plugin 'INNODB_CMP_PER_INDEX'
2017-08-02 15:17:54 3212 [Note] Shutting down plugin 'INNODB_CMPMEM_RESET'
2017-08-02 15:17:54 3212 [Note] Shutting down plugin 'INNODB_CMPMEM'
2017-08-02 15:17:54 3212 [Note] Shutting down plugin 'INNODB_CMP_RESET'
2017-08-02 15:17:54 3212 [Note] Shutting down plugin 'INNODB_CMP'
2017-08-02 15:17:54 3212 [Note] Shutting down plugin 'INNODB_LOCK_WAITS'
2017-08-02 15:17:54 3212 [Note] Shutting down plugin 'INNODB_LOCKS'
2017-08-02 15:17:54 3212 [Note] Shutting down plugin 'INNODB_TRX'
2017-08-02 15:17:54 3212 [Note] Shutting down plugin 'BLACKHOLE'
2017-08-02 15:17:54 3212 [Note] Shutting down plugin 'ARCHIVE'
2017-08-02 15:17:54 3212 [Note] Shutting down plugin 'MRG_MYISAM'
2017-08-02 15:17:54 3212 [Note] Shutting down plugin 'MyISAM'
2017-08-02 15:17:54 3212 [Note] Shutting down plugin 'MEMORY'
2017-08-02 15:17:54 3212 [Note] Shutting down plugin 'CSV'
2017-08-02 15:17:54 3212 [Note] Shutting down plugin 'sha256_password'
2017-08-02 15:17:54 3212 [Note] Shutting down plugin 'mysql_old_password'
2017-08-02 15:17:54 3212 [Note] Shutting down plugin 'mysql_native_password'
2017-08-02 15:17:54 3212 [Note] Shutting down plugin 'binlog'
2017-08-02 15:17:54 3212 [Note] L:\usbserver/mysql/bin/mysqld_usbwv8.exe: Shutdown complete

2017-08-02 15:17:54 1696 [Note] InnoDB: 128 rollback segment(s) are active.
2017-08-02 15:17:54 1696 [Note] InnoDB: Waiting for purge to start
2017-08-02 15:17:54 1696 [Note] InnoDB: 5.6.13 started; log sequence number 1862732
2017-08-02 15:17:54 1696 [Note] Server hostname (bind-address): '*'; port: 3307
2017-08-02 15:17:54 1696 [Note] IPv6 is available.
2017-08-02 15:17:54 1696 [Note]   - '::' resolves to '::';
2017-08-02 15:17:54 1696 [Note] Server socket created on IP: '::'.
2017-08-02 15:18:10 3188 [Note] Plugin 'FEDERATED' is disabled.
2017-08-02 15:18:10 3188 [Note] InnoDB: The InnoDB memory heap is disabled
2017-08-02 15:18:10 3188 [Note] InnoDB: Mutexes and rw_locks use Windows interlocked functions
2017-08-02 15:18:10 3188 [Note] InnoDB: Compressed tables use zlib 1.2.3
2017-08-02 15:18:10 3188 [Note] InnoDB: Not using CPU crc32 instructions
2017-08-02 15:18:10 3188 [Note] InnoDB: Initializing buffer pool, size = 128.0M
2017-08-02 15:18:10 3188 [Note] InnoDB: Completed initialization of buffer pool
2017-08-02 15:18:10 3188 [Note] InnoDB: Highest supported file format is Barracuda.
2017-08-02 15:18:10 3188 [Note] InnoDB: Log scan progressed past the checkpoint lsn 1862732
2017-08-02 15:18:10 3188 [Note] InnoDB: Database was not shutdown normally!
2017-08-02 15:18:10 3188 [Note] InnoDB: Starting crash recovery.
2017-08-02 15:18:10 3188 [Note] InnoDB: Reading tablespace information from the .ibd files...
2017-08-02 15:18:10 3188 [Note] InnoDB: Restoring possible half-written data pages 
2017-08-02 15:18:10 3188 [Note] InnoDB: from the doublewrite buffer...
InnoDB: Doing recovery: scanned up to log sequence number 1862742
2017-08-02 15:18:12 3188 [Note] InnoDB: 128 rollback segment(s) are active.
2017-08-02 15:18:12 3188 [Note] InnoDB: Waiting for purge to start
2017-08-02 15:18:12 3188 [Note] InnoDB: 5.6.13 started; log sequence number 1862742
2017-08-02 15:18:12 3188 [Note] Server hostname (bind-address): '*'; port: 3307
2017-08-02 15:18:12 3188 [Note] IPv6 is available.
2017-08-02 15:18:12 3188 [Note]   - '::' resolves to '::';
2017-08-02 15:18:12 3188 [Note] Server socket created on IP: '::'.
2017-08-02 15:18:14 3188 [Note] Event Scheduler: Loaded 0 events
2017-08-02 15:18:14 3188 [Note] L:\usbserver/mysql/bin/mysqld_usbwv8.exe: ready for connections.
Version: '5.6.13'  socket: ''  port: 3307  MySQL Community Server (GPL)
