2016-09-23 14:49:52 5944 [Note] Plugin 'FEDERATED' is disabled.
2016-09-23 14:49:52 5944 [Note] InnoDB: The InnoDB memory heap is disabled
2016-09-23 14:49:52 5944 [Note] InnoDB: Mutexes and rw_locks use Windows interlocked functions
2016-09-23 14:49:52 5944 [Note] InnoDB: Compressed tables use zlib 1.2.3
2016-09-23 14:49:52 5944 [Note] InnoDB: Not using CPU crc32 instructions
2016-09-23 14:49:52 5944 [Note] InnoDB: Initializing buffer pool, size = 128.0M
2016-09-23 14:49:52 5944 [Note] InnoDB: Completed initialization of buffer pool
2016-09-23 14:49:52 5944 [Note] InnoDB: Setting log file C:\Users\marcela_2015100\Desktop\mysql\data\ib_logfile101 size to 5 MB
2016-09-23 14:49:52 5944 [Note] InnoDB: Setting log file C:\Users\marcela_2015100\Desktop\mysql\data\ib_logfile1 size to 5 MB
2016-09-23 14:49:52 5944 [Note] InnoDB: Renaming log file C:\Users\marcela_2015100\Desktop\mysql\data\ib_logfile101 to C:\Users\marcela_2015100\Desktop\mysql\data\ib_logfile0
2016-09-23 14:49:52 5944 [Warning] InnoDB: New log files created, LSN=1626134
2016-09-23 14:49:52 5944 [Note] InnoDB: Highest supported file format is Barracuda.
2016-09-23 14:49:53 5944 [Note] InnoDB: 128 rollback segment(s) are active.
2016-09-23 14:49:53 5944 [Note] InnoDB: Waiting for purge to start
2016-09-23 14:49:53 5944 [Note] InnoDB: 5.6.13 started; log sequence number 1626636
2016-09-23 14:49:53 5944 [Warning] No existing UUID has been found, so we assume that this is the first time that this server has been started. Generating a new UUID: 21c2a65b-81b6-11e6-a0af-e8393516b8a5.
2016-09-23 14:49:53 5944 [Note] Server hostname (bind-address): '*'; port: 3307
2016-09-23 14:49:53 5944 [Note] IPv6 is available.
2016-09-23 14:49:53 5944 [Note]   - '::' resolves to '::';
2016-09-23 14:49:53 5944 [Note] Server socket created on IP: '::'.
2016-09-23 14:49:53 5944 [Note] Event Scheduler: Loaded 0 events
2016-09-23 14:49:53 5944 [Note] C:\Users\marcela_2015100\Desktop/mysql/bin/mysqld_usbwv8.exe: ready for connections.
Version: '5.6.13'  socket: ''  port: 3307  MySQL Community Server (GPL)
2016-10-07 11:26:11 1520 [Note] Plugin 'FEDERATED' is disabled.
2016-10-07 11:26:11 1520 [Note] InnoDB: The InnoDB memory heap is disabled
2016-10-07 11:26:11 1520 [Note] InnoDB: Mutexes and rw_locks use Windows interlocked functions
2016-10-07 11:26:11 1520 [Note] InnoDB: Compressed tables use zlib 1.2.3
2016-10-07 11:26:11 1520 [Note] InnoDB: Not using CPU crc32 instructions
2016-10-07 11:26:12 1520 [Note] InnoDB: Initializing buffer pool, size = 128.0M
2016-10-07 11:26:12 1520 [Note] InnoDB: Completed initialization of buffer pool
2016-10-07 11:26:12 1520 [Note] InnoDB: Highest supported file format is Barracuda.
2016-10-07 11:26:12 1520 [Note] InnoDB: The log sequence numbers 1626134 and 1626134 in ibdata files do not match the log sequence number 1633404 in the ib_logfiles!
2016-10-07 11:26:12 1520 [Note] InnoDB: Database was not shutdown normally!
2016-10-07 11:26:12 1520 [Note] InnoDB: Starting crash recovery.
2016-10-07 11:26:12 1520 [Note] InnoDB: Reading tablespace information from the .ibd files...
2016-10-07 11:26:13 1520 [Note] InnoDB: Restoring possible half-written data pages 
2016-10-07 11:26:13 1520 [Note] InnoDB: from the doublewrite buffer...
2016-10-07 11:26:16 1520 [Note] InnoDB: 128 rollback segment(s) are active.
2016-10-07 11:26:16 1520 [Note] InnoDB: Waiting for purge to start
2016-10-07 11:26:16 1520 [Note] InnoDB: 5.6.13 started; log sequence number 1633404
2016-10-07 11:26:16 1520 [Note] Server hostname (bind-address): '*'; port: 3307
2016-10-07 11:26:16 1520 [Note] IPv6 is available.
2016-10-07 11:26:16 1520 [Note]   - '::' resolves to '::';
2016-10-07 11:26:16 1520 [Note] Server socket created on IP: '::'.
2016-10-07 11:26:21 1520 [Note] Event Scheduler: Loaded 0 events
2016-10-07 11:26:21 1520 [Note] C:\Users\marcela_2015100\Desktop/mysql/bin/mysqld_usbwv8.exe: ready for connections.
Version: '5.6.13'  socket: ''  port: 3307  MySQL Community Server (GPL)
2016-10-11 12:23:52 4352 [Note] Plugin 'FEDERATED' is disabled.
2016-10-11 12:23:52 4352 [Note] InnoDB: The InnoDB memory heap is disabled
2016-10-11 12:23:52 4352 [Note] InnoDB: Mutexes and rw_locks use Windows interlocked functions
2016-10-11 12:23:52 4352 [Note] InnoDB: Compressed tables use zlib 1.2.3
2016-10-11 12:23:52 4352 [Note] InnoDB: Not using CPU crc32 instructions
2016-10-11 12:23:52 4352 [Note] InnoDB: Initializing buffer pool, size = 128.0M
2016-10-11 12:23:52 4352 [Note] InnoDB: Completed initialization of buffer pool
2016-10-11 12:23:53 4352 [Note] InnoDB: Highest supported file format is Barracuda.
2016-10-11 12:23:53 4352 [Note] InnoDB: The log sequence numbers 1686074 and 1686074 in ibdata files do not match the log sequence number 1707000 in the ib_logfiles!
2016-10-11 12:23:53 4352 [Note] InnoDB: Database was not shutdown normally!
2016-10-11 12:23:53 4352 [Note] InnoDB: Starting crash recovery.
2016-10-11 12:23:53 4352 [Note] InnoDB: Reading tablespace information from the .ibd files...
2016-10-11 12:23:53 4352 [Note] InnoDB: Restoring possible half-written data pages 
2016-10-11 12:23:53 4352 [Note] InnoDB: from the doublewrite buffer...
2016-10-11 12:23:54 4352 [Note] InnoDB: 128 rollback segment(s) are active.
2016-10-11 12:23:54 4352 [Note] InnoDB: Waiting for purge to start
2016-10-11 12:23:54 4352 [Note] InnoDB: 5.6.13 started; log sequence number 1707000
2016-10-11 12:23:54 4352 [Note] Server hostname (bind-address): '*'; port: 3307
2016-10-11 12:23:54 4352 [Note] IPv6 is available.
2016-10-11 12:23:54 4352 [Note]   - '::' resolves to '::';
2016-10-11 12:23:54 4352 [Note] Server socket created on IP: '::'.
2016-10-11 12:23:55 4352 [Note] Event Scheduler: Loaded 0 events
2016-10-11 12:23:55 4352 [Note] F:\usbserver/mysql/bin/mysqld_usbwv8.exe: ready for connections.
Version: '5.6.13'  socket: ''  port: 3307  MySQL Community Server (GPL)
