2017-10-17 10:10:27 7940 [Note] Plugin 'FEDERATED' is disabled.
2017-10-17 10:10:27 7940 [Note] InnoDB: The InnoDB memory heap is disabled
2017-10-17 10:10:27 7940 [Note] InnoDB: Mutexes and rw_locks use Windows interlocked functions
2017-10-17 10:10:27 7940 [Note] InnoDB: Compressed tables use zlib 1.2.3
2017-10-17 10:10:27 7940 [Note] InnoDB: Not using CPU crc32 instructions
2017-10-17 10:10:27 7940 [Note] InnoDB: Initializing buffer pool, size = 128.0M
2017-10-17 10:10:27 7940 [Note] InnoDB: Completed initialization of buffer pool
2017-10-17 10:10:27 7940 [Note] InnoDB: Highest supported file format is Barracuda.
2017-10-17 10:10:27 7940 [Note] InnoDB: The log sequence numbers 1986225 and 1986225 in ibdata files do not match the log sequence number 1987031 in the ib_logfiles!
2017-10-17 10:10:27 7940 [Note] InnoDB: Database was not shutdown normally!
2017-10-17 10:10:27 7940 [Note] InnoDB: Starting crash recovery.
2017-10-17 10:10:27 7940 [Note] InnoDB: Reading tablespace information from the .ibd files...
2017-10-17 10:10:27 7940 [Note] InnoDB: Restoring possible half-written data pages 
2017-10-17 10:10:27 7940 [Note] InnoDB: from the doublewrite buffer...
2017-10-17 10:10:28 7940 [Note] InnoDB: 128 rollback segment(s) are active.
2017-10-17 10:10:28 7940 [Note] InnoDB: Waiting for purge to start
2017-10-17 10:10:28 7940 [Note] InnoDB: 5.6.13 started; log sequence number 1987031
2017-10-17 10:10:28 7940 [Note] Server hostname (bind-address): '*'; port: 3307
2017-10-17 10:10:28 7940 [Note] IPv6 is available.
2017-10-17 10:10:28 7940 [Note]   - '::' resolves to '::';
2017-10-17 10:10:28 7940 [Note] Server socket created on IP: '::'.
2017-10-17 10:10:30 7940 [Note] Event Scheduler: Loaded 0 events
2017-10-17 10:10:30 7940 [Note] L:\my control\usbserver/mysql/bin/mysqld_usbwv8.exe: ready for connections.
Version: '5.6.13'  socket: ''  port: 3307  MySQL Community Server (GPL)
2017-11-21 09:09:44 4516 [Note] Plugin 'FEDERATED' is disabled.
2017-11-21 09:09:44 4516 [Note] InnoDB: The InnoDB memory heap is disabled
2017-11-21 09:09:44 4516 [Note] InnoDB: Mutexes and rw_locks use Windows interlocked functions
2017-11-21 09:09:44 4516 [Note] InnoDB: Compressed tables use zlib 1.2.3
2017-11-21 09:09:44 4516 [Note] InnoDB: Not using CPU crc32 instructions
2017-11-21 09:09:44 4516 [Note] InnoDB: Initializing buffer pool, size = 128.0M
2017-11-21 09:09:44 4516 [Note] InnoDB: Completed initialization of buffer pool
2017-11-21 09:09:44 4516 [Note] InnoDB: Highest supported file format is Barracuda.
2017-11-21 09:09:44 4516 [Note] InnoDB: The log sequence numbers 1987251 and 1987251 in ibdata files do not match the log sequence number 1987618 in the ib_logfiles!
2017-11-21 09:09:44 4516 [Note] InnoDB: Database was not shutdown normally!
2017-11-21 09:09:44 4516 [Note] InnoDB: Starting crash recovery.
2017-11-21 09:09:44 4516 [Note] InnoDB: Reading tablespace information from the .ibd files...
2017-11-21 09:09:44 4516 [Note] InnoDB: Restoring possible half-written data pages 
2017-11-21 09:09:44 4516 [Note] InnoDB: from the doublewrite buffer...
2017-11-21 09:09:45 4516 [Note] InnoDB: 128 rollback segment(s) are active.
2017-11-21 09:09:45 4516 [Note] InnoDB: Waiting for purge to start
2017-11-21 09:09:45 4516 [Note] InnoDB: 5.6.13 started; log sequence number 1987618
2017-11-21 09:09:45 4516 [Note] Server hostname (bind-address): '*'; port: 3307
2017-11-21 09:09:45 4516 [Note] IPv6 is available.
2017-11-21 09:09:45 4516 [Note]   - '::' resolves to '::';
2017-11-21 09:09:45 4516 [Note] Server socket created on IP: '::'.
2017-11-21 09:09:46 4516 [Note] Event Scheduler: Loaded 0 events
2017-11-21 09:09:46 4516 [Note] L:\my control\usbserver/mysql/bin/mysqld_usbwv8.exe: ready for connections.
Version: '5.6.13'  socket: ''  port: 3307  MySQL Community Server (GPL)
2017-11-21 11:16:30 3748 [Note] Plugin 'FEDERATED' is disabled.
2017-11-21 11:16:30 3748 [Note] InnoDB: The InnoDB memory heap is disabled
2017-11-21 11:16:30 3748 [Note] InnoDB: Mutexes and rw_locks use Windows interlocked functions
2017-11-21 11:16:30 3748 [Note] InnoDB: Compressed tables use zlib 1.2.3
2017-11-21 11:16:30 3748 [Note] InnoDB: Not using CPU crc32 instructions
2017-11-21 11:16:30 3748 [Note] InnoDB: Initializing buffer pool, size = 128.0M
2017-11-21 11:16:30 3748 [Note] InnoDB: Completed initialization of buffer pool
2017-11-21 11:16:30 3748 [Note] InnoDB: Highest supported file format is Barracuda.
2017-11-21 11:16:30 3748 [Note] InnoDB: The log sequence numbers 1987251 and 1987251 in ibdata files do not match the log sequence number 1987628 in the ib_logfiles!
2017-11-21 11:16:30 3748 [Note] InnoDB: Database was not shutdown normally!
2017-11-21 11:16:30 3748 [Note] InnoDB: Starting crash recovery.
2017-11-21 11:16:30 3748 [Note] InnoDB: Reading tablespace information from the .ibd files...
2017-11-21 11:16:30 3748 [Note] InnoDB: Restoring possible half-written data pages 
2017-11-21 11:16:30 3748 [Note] InnoDB: from the doublewrite buffer...
2017-11-21 11:16:31 3748 [Note] InnoDB: 128 rollback segment(s) are active.
2017-11-21 11:16:31 3748 [Note] InnoDB: Waiting for purge to start
2017-11-21 11:16:31 3748 [Note] InnoDB: 5.6.13 started; log sequence number 1987628
2017-11-21 11:16:31 3748 [Note] Server hostname (bind-address): '*'; port: 3307
2017-11-21 11:16:31 3748 [Note] IPv6 is available.
2017-11-21 11:16:31 3748 [Note]   - '::' resolves to '::';
2017-11-21 11:16:31 3748 [Note] Server socket created on IP: '::'.
2017-11-21 11:16:32 3748 [Note] Event Scheduler: Loaded 0 events
2017-11-21 11:16:32 3748 [Note] L:\my control\usbserver/mysql/bin/mysqld_usbwv8.exe: ready for connections.
Version: '5.6.13'  socket: ''  port: 3307  MySQL Community Server (GPL)
2017-11-21 11:24:56 3692 [Note] Plugin 'FEDERATED' is disabled.
2017-11-21 11:24:56 3692 [Note] InnoDB: The InnoDB memory heap is disabled
2017-11-21 11:24:56 3692 [Note] InnoDB: Mutexes and rw_locks use Windows interlocked functions
2017-11-21 11:24:56 3692 [Note] InnoDB: Compressed tables use zlib 1.2.3
2017-11-21 11:24:56 3692 [Note] InnoDB: Not using CPU crc32 instructions
2017-11-21 11:24:56 3692 [Note] InnoDB: Initializing buffer pool, size = 128.0M
2017-11-21 11:24:56 3692 [Note] InnoDB: Completed initialization of buffer pool
2017-11-21 11:24:56 3692 [Note] InnoDB: Highest supported file format is Barracuda.
2017-11-21 11:24:56 3692 [Note] InnoDB: The log sequence numbers 1987251 and 1987251 in ibdata files do not match the log sequence number 1987638 in the ib_logfiles!
2017-11-21 11:24:56 3692 [Note] InnoDB: Database was not shutdown normally!
2017-11-21 11:24:56 3692 [Note] InnoDB: Starting crash recovery.
2017-11-21 11:24:56 3692 [Note] InnoDB: Reading tablespace information from the .ibd files...
2017-11-21 11:24:56 3692 [Note] InnoDB: Restoring possible half-written data pages 
2017-11-21 11:24:56 3692 [Note] InnoDB: from the doublewrite buffer...
2017-11-21 11:24:57 3692 [Note] InnoDB: 128 rollback segment(s) are active.
2017-11-21 11:24:57 3692 [Note] InnoDB: Waiting for purge to start
2017-11-21 11:24:57 3692 [Note] InnoDB: 5.6.13 started; log sequence number 1987638
2017-11-21 11:24:57 3692 [Note] Server hostname (bind-address): '*'; port: 3307
2017-11-21 11:24:57 3692 [Note] IPv6 is available.
2017-11-21 11:24:57 3692 [Note]   - '::' resolves to '::';
2017-11-21 11:24:57 3692 [Note] Server socket created on IP: '::'.
2017-11-21 11:24:59 3692 [Note] Event Scheduler: Loaded 0 events
2017-11-21 11:24:59 3692 [Note] L:\my control\usbserver/mysql/bin/mysqld_usbwv8.exe: ready for connections.
Version: '5.6.13'  socket: ''  port: 3307  MySQL Community Server (GPL)
2017-11-28 08:16:36 8172 [Note] Plugin 'FEDERATED' is disabled.
2017-11-28 08:16:36 8172 [Note] InnoDB: The InnoDB memory heap is disabled
2017-11-28 08:16:36 8172 [Note] InnoDB: Mutexes and rw_locks use Windows interlocked functions
2017-11-28 08:16:36 8172 [Note] InnoDB: Compressed tables use zlib 1.2.3
2017-11-28 08:16:36 8172 [Note] InnoDB: Not using CPU crc32 instructions
2017-11-28 08:16:36 8172 [Note] InnoDB: Initializing buffer pool, size = 128.0M
2017-11-28 08:16:36 8172 [Note] InnoDB: Completed initialization of buffer pool
2017-11-28 08:16:36 8172 [Note] InnoDB: Highest supported file format is Barracuda.
2017-11-28 08:16:36 8172 [Note] InnoDB: The log sequence numbers 1987251 and 1987251 in ibdata files do not match the log sequence number 2120136 in the ib_logfiles!
2017-11-28 08:16:36 8172 [Note] InnoDB: Database was not shutdown normally!
2017-11-28 08:16:36 8172 [Note] InnoDB: Starting crash recovery.
2017-11-28 08:16:36 8172 [Note] InnoDB: Reading tablespace information from the .ibd files...
2017-11-28 08:16:36 8172 [Note] InnoDB: Restoring possible half-written data pages 
2017-11-28 08:16:36 8172 [Note] InnoDB: from the doublewrite buffer...
2017-11-28 08:16:37 8172 [Note] InnoDB: 128 rollback segment(s) are active.
2017-11-28 08:16:37 8172 [Note] InnoDB: Waiting for purge to start
2017-11-28 08:16:37 8172 [Note] InnoDB: 5.6.13 started; log sequence number 2120136
2017-11-28 08:16:37 8172 [Note] Server hostname (bind-address): '*'; port: 3307
2017-11-28 08:16:37 8172 [Note] IPv6 is available.
2017-11-28 08:16:37 8172 [Note]   - '::' resolves to '::';
2017-11-28 08:16:37 8172 [Note] Server socket created on IP: '::'.
2017-11-28 09:01:59 1688 [Note] Plugin 'FEDERATED' is disabled.
2017-11-28 09:01:59 1688 [Note] InnoDB: The InnoDB memory heap is disabled
2017-11-28 09:01:59 1688 [Note] InnoDB: Mutexes and rw_locks use Windows interlocked functions
2017-11-28 09:01:59 1688 [Note] InnoDB: Compressed tables use zlib 1.2.3
2017-11-28 09:01:59 1688 [Note] InnoDB: Not using CPU crc32 instructions
2017-11-28 09:01:59 1688 [Note] InnoDB: Initializing buffer pool, size = 128.0M
2017-11-28 09:01:59 1688 [Note] InnoDB: Completed initialization of buffer pool
2017-11-28 09:01:59 1688 [Note] InnoDB: Highest supported file format is Barracuda.
2017-11-28 09:01:59 1688 [Note] InnoDB: The log sequence numbers 1987251 and 1987251 in ibdata files do not match the log sequence number 2122659 in the ib_logfiles!
2017-11-28 09:01:59 1688 [Note] InnoDB: Database was not shutdown normally!
2017-11-28 09:01:59 1688 [Note] InnoDB: Starting crash recovery.
2017-11-28 09:01:59 1688 [Note] InnoDB: Reading tablespace information from the .ibd files...
2017-11-28 09:02:00 1688 [Note] InnoDB: Restoring possible half-written data pages 
2017-11-28 09:02:00 1688 [Note] InnoDB: from the doublewrite buffer...
2017-11-28 09:02:01 1688 [Note] InnoDB: 128 rollback segment(s) are active.
2017-11-28 09:02:01 1688 [Note] InnoDB: Waiting for purge to start
2017-11-28 09:02:01 1688 [Note] InnoDB: 5.6.13 started; log sequence number 2122659
2017-11-28 09:02:01 1688 [Note] Server hostname (bind-address): '*'; port: 3307
2017-11-28 09:02:01 1688 [Note] IPv6 is available.
2017-11-28 09:02:01 1688 [Note]   - '::' resolves to '::';
2017-11-28 09:02:01 1688 [Note] Server socket created on IP: '::'.
2017-11-28 09:02:02 1688 [Note] Event Scheduler: Loaded 0 events
2017-11-28 09:02:02 1688 [Note] L:\my control\usbserver/mysql/bin/mysqld_usbwv8.exe: ready for connections.
Version: '5.6.13'  socket: ''  port: 3307  MySQL Community Server (GPL)
2017-11-28 10:37:58 8900 [Note] Plugin 'FEDERATED' is disabled.
2017-11-28 10:37:58 8900 [Note] InnoDB: The InnoDB memory heap is disabled
2017-11-28 10:37:58 8900 [Note] InnoDB: Mutexes and rw_locks use Windows interlocked functions
2017-11-28 10:37:58 8900 [Note] InnoDB: Compressed tables use zlib 1.2.3
2017-11-28 10:37:58 8900 [Note] InnoDB: Not using CPU crc32 instructions
2017-11-28 10:37:58 8900 [Note] InnoDB: Initializing buffer pool, size = 128.0M
2017-11-28 10:37:58 8900 [Note] InnoDB: Completed initialization of buffer pool
2017-11-28 10:37:58 8900 [Note] InnoDB: Highest supported file format is Barracuda.
2017-11-28 10:37:58 8900 [Note] InnoDB: The log sequence numbers 1987251 and 1987251 in ibdata files do not match the log sequence number 2134376 in the ib_logfiles!
2017-11-28 10:37:58 8900 [Note] InnoDB: Database was not shutdown normally!
2017-11-28 10:37:58 8900 [Note] InnoDB: Starting crash recovery.
2017-11-28 10:37:58 8900 [Note] InnoDB: Reading tablespace information from the .ibd files...
2017-11-28 10:37:58 8900 [Note] InnoDB: Restoring possible half-written data pages 
2017-11-28 10:37:58 8900 [Note] InnoDB: from the doublewrite buffer...
2017-11-28 10:37:59 8900 [Note] InnoDB: 128 rollback segment(s) are active.
2017-11-28 10:37:59 8900 [Note] InnoDB: Waiting for purge to start
2017-11-28 10:38:00 8900 [Note] InnoDB: 5.6.13 started; log sequence number 2134376
2017-11-28 10:38:00 8900 [Note] Server hostname (bind-address): '*'; port: 3307
2017-11-28 10:38:00 8900 [Note] IPv6 is available.
2017-11-28 10:38:00 8900 [Note]   - '::' resolves to '::';
2017-11-28 10:38:00 8900 [Note] Server socket created on IP: '::'.
2017-11-28 10:38:00 8900 [ERROR] Can't start server: Bind on TCP/IP port: No such file or directory
2017-11-28 10:38:01 8900 [ERROR] Do you already have another mysqld server running on port: 3307 ?
2017-11-28 10:38:01 8900 [ERROR] Aborting

2017-11-28 10:38:01 8900 [Note] Binlog end
2017-11-28 10:38:01 8900 [Note] Shutting down plugin 'partition'
2017-11-28 10:38:01 8900 [Note] Shutting down plugin 'PERFORMANCE_SCHEMA'
2017-11-28 10:38:01 8900 [Note] Shutting down plugin 'INNODB_SYS_DATAFILES'
2017-11-28 10:38:01 8900 [Note] Shutting down plugin 'INNODB_SYS_TABLESPACES'
2017-11-28 10:38:01 8900 [Note] Shutting down plugin 'INNODB_SYS_FOREIGN_COLS'
2017-11-28 10:38:01 8900 [Note] Shutting down plugin 'INNODB_SYS_FOREIGN'
2017-11-28 10:38:01 8900 [Note] Shutting down plugin 'INNODB_SYS_FIELDS'
2017-11-28 10:38:01 8900 [Note] Shutting down plugin 'INNODB_SYS_COLUMNS'
2017-11-28 10:38:01 8900 [Note] Shutting down plugin 'INNODB_SYS_INDEXES'
2017-11-28 10:38:01 8900 [Note] Shutting down plugin 'INNODB_SYS_TABLESTATS'
2017-11-28 10:38:01 8900 [Note] Shutting down plugin 'INNODB_SYS_TABLES'
2017-11-28 10:38:01 8900 [Note] Shutting down plugin 'INNODB_FT_INDEX_TABLE'
2017-11-28 10:38:01 8900 [Note] Shutting down plugin 'INNODB_FT_INDEX_CACHE'
2017-11-28 10:38:01 8900 [Note] Shutting down plugin 'INNODB_FT_CONFIG'
2017-11-28 10:38:01 8900 [Note] Shutting down plugin 'INNODB_FT_BEING_DELETED'
2017-11-28 10:38:01 8900 [Note] Shutting down plugin 'INNODB_FT_DELETED'
2017-11-28 10:38:01 8900 [Note] Shutting down plugin 'INNODB_FT_DEFAULT_STOPWORD'
2017-11-28 10:38:01 8900 [Note] Shutting down plugin 'INNODB_METRICS'
2017-11-28 10:38:01 8900 [Note] Shutting down plugin 'INNODB_BUFFER_POOL_STATS'
2017-11-28 10:38:01 8900 [Note] Shutting down plugin 'INNODB_BUFFER_PAGE_LRU'
2017-11-28 10:38:01 8900 [Note] Shutting down plugin 'INNODB_BUFFER_PAGE'
2017-11-28 10:38:01 8900 [Note] Shutting down plugin 'INNODB_CMP_PER_INDEX_RESET'
2017-11-28 10:38:01 8900 [Note] Shutting down plugin 'INNODB_CMP_PER_INDEX'
2017-11-28 10:38:01 8900 [Note] Shutting down plugin 'INNODB_CMPMEM_RESET'
2017-11-28 10:38:01 8900 [Note] Shutting down plugin 'INNODB_CMPMEM'
2017-11-28 10:38:01 8900 [Note] Shutting down plugin 'INNODB_CMP_RESET'
2017-11-28 10:38:01 8900 [Note] Shutting down plugin 'INNODB_CMP'
2017-11-28 10:38:01 8900 [Note] Shutting down plugin 'INNODB_LOCK_WAITS'
2017-11-28 10:38:01 8900 [Note] Shutting down plugin 'INNODB_LOCKS'
2017-11-28 10:38:01 8900 [Note] Shutting down plugin 'INNODB_TRX'
2017-11-28 10:38:01 8900 [Note] Shutting down plugin 'InnoDB'
2017-11-28 10:38:01 8900 [Note] InnoDB: FTS optimize thread exiting.
2017-11-28 10:38:01 8900 [Note] InnoDB: Starting shutdown...
2017-11-28 10:38:02 8900 [Note] InnoDB: Shutdown completed; log sequence number 2134386
2017-11-28 10:38:02 8900 [Note] Shutting down plugin 'BLACKHOLE'
2017-11-28 10:38:02 8900 [Note] Shutting down plugin 'ARCHIVE'
2017-11-28 10:38:02 8900 [Note] Shutting down plugin 'MRG_MYISAM'
2017-11-28 10:38:02 8900 [Note] Shutting down plugin 'MyISAM'
2017-11-28 10:38:02 8900 [Note] Shutting down plugin 'MEMORY'
2017-11-28 10:38:02 8900 [Note] Shutting down plugin 'CSV'
2017-11-28 10:38:02 8900 [Note] Shutting down plugin 'sha256_password'
2017-11-28 10:38:02 8900 [Note] Shutting down plugin 'mysql_old_password'
2017-11-28 10:38:02 8900 [Note] Shutting down plugin 'mysql_native_password'
2017-11-28 10:38:02 8900 [Note] Shutting down plugin 'binlog'
2017-11-28 10:38:02 8900 [Note] L:\my control\usbserver/mysql/bin/mysqld_usbwv8.exe: Shutdown complete

2017-11-28 10:53:59 8736 [Note] Plugin 'FEDERATED' is disabled.
2017-11-28 10:53:59 8736 [Note] InnoDB: The InnoDB memory heap is disabled
2017-11-28 10:53:59 8736 [Note] InnoDB: Mutexes and rw_locks use Windows interlocked functions
2017-11-28 10:53:59 8736 [Note] InnoDB: Compressed tables use zlib 1.2.3
2017-11-28 10:53:59 8736 [Note] InnoDB: Not using CPU crc32 instructions
2017-11-28 10:53:59 8736 [Note] InnoDB: Initializing buffer pool, size = 128.0M
2017-11-28 10:53:59 8736 [Note] InnoDB: Completed initialization of buffer pool
2017-11-28 10:53:59 8736 [Note] InnoDB: Highest supported file format is Barracuda.
2017-11-28 10:54:00 8736 [Note] InnoDB: 128 rollback segment(s) are active.
2017-11-28 10:54:00 8736 [Note] InnoDB: Waiting for purge to start
2017-11-28 10:54:00 8736 [Note] InnoDB: 5.6.13 started; log sequence number 2134386
2017-11-28 10:54:00 8736 [Note] Server hostname (bind-address): '*'; port: 3307
2017-11-28 10:54:00 8736 [Note] IPv6 is available.
2017-11-28 10:54:00 8736 [Note]   - '::' resolves to '::';
2017-11-28 10:54:00 8736 [Note] Server socket created on IP: '::'.
2017-11-28 10:54:01 8736 [Note] Event Scheduler: Loaded 0 events
2017-11-28 10:54:01 8736 [Note] L:\my control\usbserver/mysql/bin/mysqld_usbwv8.exe: ready for connections.
Version: '5.6.13'  socket: ''  port: 3307  MySQL Community Server (GPL)
