2017-08-03 14:38:37 4424 [Note] Plugin 'FEDERATED' is disabled.
2017-08-03 14:38:37 4424 [Note] InnoDB: The InnoDB memory heap is disabled
2017-08-03 14:38:37 4424 [Note] InnoDB: Mutexes and rw_locks use Windows interlocked functions
2017-08-03 14:38:37 4424 [Note] InnoDB: Compressed tables use zlib 1.2.3
2017-08-03 14:38:37 4424 [Note] InnoDB: Not using CPU crc32 instructions
2017-08-03 14:38:37 4424 [Note] InnoDB: Initializing buffer pool, size = 128.0M
2017-08-03 14:38:37 4424 [Note] InnoDB: Completed initialization of buffer pool
2017-08-03 14:38:37 4424 [Note] InnoDB: Highest supported file format is Barracuda.
2017-08-03 14:38:37 4424 [Note] InnoDB: The log sequence numbers 1849830 and 1849830 in ibdata files do not match the log sequence number 1899214 in the ib_logfiles!
2017-08-03 14:38:37 4424 [Note] InnoDB: Database was not shutdown normally!
2017-08-03 14:38:37 4424 [Note] InnoDB: Starting crash recovery.
2017-08-03 14:38:37 4424 [Note] InnoDB: Reading tablespace information from the .ibd files...
2017-08-03 14:38:37 4424 [Note] InnoDB: Restoring possible half-written data pages 
2017-08-03 14:38:37 4424 [Note] InnoDB: from the doublewrite buffer...
2017-08-03 14:38:39 4424 [Note] InnoDB: 128 rollback segment(s) are active.
2017-08-03 14:38:39 4424 [Note] InnoDB: Waiting for purge to start
2017-08-03 14:38:40 4424 [Note] InnoDB: 5.6.13 started; log sequence number 1899214
2017-08-03 14:38:40 4424 [Note] Server hostname (bind-address): '*'; port: 3307
2017-08-03 14:38:40 4424 [Note] IPv6 is available.
2017-08-03 14:38:40 4424 [Note]   - '::' resolves to '::';
2017-08-03 14:38:40 4424 [Note] Server socket created on IP: '::'.
2017-08-03 14:38:41 4424 [Note] Event Scheduler: Loaded 0 events
2017-08-03 14:38:41 4424 [Note] E:\usbserver/mysql/bin/mysqld_usbwv8.exe: ready for connections.
Version: '5.6.13'  socket: ''  port: 3307  MySQL Community Server (GPL)
2017-08-03 14:40:38 6544 [Note] Plugin 'FEDERATED' is disabled.
2017-08-03 14:40:38 6544 [Note] InnoDB: The InnoDB memory heap is disabled
2017-08-03 14:40:38 6544 [Note] InnoDB: Mutexes and rw_locks use Windows interlocked functions
2017-08-03 14:40:38 6544 [Note] InnoDB: Compressed tables use zlib 1.2.3
2017-08-03 14:40:38 6544 [Note] InnoDB: Not using CPU crc32 instructions
2017-08-03 14:40:38 6544 [Note] InnoDB: Initializing buffer pool, size = 128.0M
2017-08-03 14:40:38 6544 [Note] InnoDB: Completed initialization of buffer pool
2017-08-03 14:40:38 6544 [Note] InnoDB: Highest supported file format is Barracuda.
2017-08-03 14:40:38 6544 [Note] InnoDB: The log sequence numbers 1849830 and 1849830 in ibdata files do not match the log sequence number 1899224 in the ib_logfiles!
2017-08-03 14:40:38 6544 [Note] InnoDB: Database was not shutdown normally!
2017-08-03 14:40:38 6544 [Note] InnoDB: Starting crash recovery.
2017-08-03 14:40:38 6544 [Note] InnoDB: Reading tablespace information from the .ibd files...
2017-08-03 14:40:38 6544 [Note] InnoDB: Restoring possible half-written data pages 
2017-08-03 14:40:38 6544 [Note] InnoDB: from the doublewrite buffer...
2017-08-03 14:40:41 6544 [Note] InnoDB: 128 rollback segment(s) are active.
2017-08-03 14:40:41 6544 [Note] InnoDB: Waiting for purge to start
2017-08-03 14:40:41 6544 [Note] InnoDB: 5.6.13 started; log sequence number 1899224
2017-08-03 14:40:41 6544 [Note] Server hostname (bind-address): '*'; port: 3307
2017-08-03 14:40:41 6544 [Note] IPv6 is available.
2017-08-03 14:40:41 6544 [Note]   - '::' resolves to '::';
2017-08-03 14:40:41 6544 [Note] Server socket created on IP: '::'.
2017-08-03 14:40:42 6544 [Note] Event Scheduler: Loaded 0 events
2017-08-03 14:40:42 6544 [Note] E:\usbserver/mysql/bin/mysqld_usbwv8.exe: ready for connections.
Version: '5.6.13'  socket: ''  port: 3307  MySQL Community Server (GPL)
2017-08-03 14:42:40 6300 [Note] Plugin 'FEDERATED' is disabled.
2017-08-03 14:42:40 6300 [Note] InnoDB: The InnoDB memory heap is disabled
2017-08-03 14:42:40 6300 [Note] InnoDB: Mutexes and rw_locks use Windows interlocked functions
2017-08-03 14:42:40 6300 [Note] InnoDB: Compressed tables use zlib 1.2.3
2017-08-03 14:42:40 6300 [Note] InnoDB: Not using CPU crc32 instructions
2017-08-03 14:42:40 6300 [Note] InnoDB: Initializing buffer pool, size = 128.0M
2017-08-03 14:42:40 6300 [Note] InnoDB: Completed initialization of buffer pool
2017-08-03 14:42:40 6300 [Note] InnoDB: Highest supported file format is Barracuda.
2017-08-03 14:42:40 6300 [Note] InnoDB: The log sequence numbers 1849830 and 1849830 in ibdata files do not match the log sequence number 1899234 in the ib_logfiles!
2017-08-03 14:42:40 6300 [Note] InnoDB: Database was not shutdown normally!
2017-08-03 14:42:40 6300 [Note] InnoDB: Starting crash recovery.
2017-08-03 14:42:40 6300 [Note] InnoDB: Reading tablespace information from the .ibd files...
2017-08-03 14:42:40 6300 [Note] InnoDB: Restoring possible half-written data pages 
2017-08-03 14:42:40 6300 [Note] InnoDB: from the doublewrite buffer...
2017-08-03 14:42:43 6300 [Note] InnoDB: 128 rollback segment(s) are active.
2017-08-03 14:42:43 6300 [Note] InnoDB: Waiting for purge to start
2017-08-03 14:42:43 6300 [Note] InnoDB: 5.6.13 started; log sequence number 1899234
2017-08-03 14:42:43 6300 [Note] Server hostname (bind-address): '*'; port: 3307
2017-08-03 14:42:43 6300 [Note] IPv6 is available.
2017-08-03 14:42:43 6300 [Note]   - '::' resolves to '::';
2017-08-03 14:42:43 6300 [Note] Server socket created on IP: '::'.
2017-08-03 14:42:43 6300 [Note] Event Scheduler: Loaded 0 events
2017-08-03 14:42:43 6300 [Note] E:\usbserver/mysql/bin/mysqld_usbwv8.exe: ready for connections.
Version: '5.6.13'  socket: ''  port: 3307  MySQL Community Server (GPL)
2017-08-03 14:45:17 3520 [Note] Plugin 'FEDERATED' is disabled.
2017-08-03 14:45:18 3520 [Note] InnoDB: The InnoDB memory heap is disabled
2017-08-03 14:45:18 3520 [Note] InnoDB: Mutexes and rw_locks use Windows interlocked functions
2017-08-03 14:45:18 3520 [Note] InnoDB: Compressed tables use zlib 1.2.3
2017-08-03 14:45:18 3520 [Note] InnoDB: Not using CPU crc32 instructions
2017-08-03 14:45:18 3520 [Note] InnoDB: Initializing buffer pool, size = 128.0M
2017-08-03 14:45:18 3520 [Note] InnoDB: Completed initialization of buffer pool
2017-08-03 14:45:18 3520 [Note] InnoDB: Highest supported file format is Barracuda.
2017-08-03 14:45:18 3520 [Note] InnoDB: The log sequence numbers 1849830 and 1849830 in ibdata files do not match the log sequence number 1899244 in the ib_logfiles!
2017-08-03 14:45:18 3520 [Note] InnoDB: Database was not shutdown normally!
2017-08-03 14:45:18 3520 [Note] InnoDB: Starting crash recovery.
2017-08-03 14:45:18 3520 [Note] InnoDB: Reading tablespace information from the .ibd files...
2017-08-03 14:45:18 3520 [Note] InnoDB: Restoring possible half-written data pages 
2017-08-03 14:45:18 3520 [Note] InnoDB: from the doublewrite buffer...
2017-08-03 14:45:20 3520 [Note] InnoDB: 128 rollback segment(s) are active.
2017-08-03 14:45:20 3520 [Note] InnoDB: Waiting for purge to start
2017-08-03 14:45:20 3520 [Note] InnoDB: 5.6.13 started; log sequence number 1899244
2017-08-03 14:45:20 3520 [Note] Server hostname (bind-address): '*'; port: 3307
2017-08-03 14:45:20 3520 [Note] IPv6 is available.
2017-08-03 14:45:20 3520 [Note]   - '::' resolves to '::';
2017-08-03 14:45:20 3520 [Note] Server socket created on IP: '::'.
2017-08-03 14:45:21 3520 [Note] Event Scheduler: Loaded 0 events
2017-08-03 14:45:21 3520 [Note] E:\usbserver/mysql/bin/mysqld_usbwv8.exe: ready for connections.
Version: '5.6.13'  socket: ''  port: 3307  MySQL Community Server (GPL)
2017-08-03 14:46:09 4820 [Note] Plugin 'FEDERATED' is disabled.
2017-08-03 14:46:09 4820 [Note] InnoDB: The InnoDB memory heap is disabled
2017-08-03 14:46:09 4820 [Note] InnoDB: Mutexes and rw_locks use Windows interlocked functions
2017-08-03 14:46:09 4820 [Note] InnoDB: Compressed tables use zlib 1.2.3
2017-08-03 14:46:09 4820 [Note] InnoDB: Not using CPU crc32 instructions
2017-08-03 14:46:09 4820 [Note] InnoDB: Initializing buffer pool, size = 128.0M
2017-08-03 14:46:09 4820 [Note] InnoDB: Completed initialization of buffer pool
2017-08-03 14:46:09 4820 [Note] InnoDB: Highest supported file format is Barracuda.
2017-08-03 14:46:09 4820 [Note] InnoDB: The log sequence numbers 1849830 and 1849830 in ibdata files do not match the log sequence number 1899254 in the ib_logfiles!
2017-08-03 14:46:09 4820 [Note] InnoDB: Database was not shutdown normally!
2017-08-03 14:46:09 4820 [Note] InnoDB: Starting crash recovery.
2017-08-03 14:46:09 4820 [Note] InnoDB: Reading tablespace information from the .ibd files...
2017-08-03 14:46:10 4820 [Note] InnoDB: Restoring possible half-written data pages 
2017-08-03 14:46:10 4820 [Note] InnoDB: from the doublewrite buffer...
2017-08-03 14:46:16 4820 [Note] InnoDB: 128 rollback segment(s) are active.
2017-08-03 14:46:16 4820 [Note] InnoDB: Waiting for purge to start
2017-08-03 14:46:16 4820 [Note] InnoDB: 5.6.13 started; log sequence number 1899254
2017-08-03 14:46:16 4820 [Note] Server hostname (bind-address): '*'; port: 3307
2017-08-03 14:46:16 4820 [Note] IPv6 is available.
2017-08-03 14:46:16 4820 [Note]   - '::' resolves to '::';
2017-08-03 14:46:16 4820 [Note] Server socket created on IP: '::'.
2017-08-03 14:46:18 4820 [Note] Event Scheduler: Loaded 0 events
2017-08-03 14:46:18 4820 [Note] E:\usbserver/mysql/bin/mysqld_usbwv8.exe: ready for connections.
Version: '5.6.13'  socket: ''  port: 3307  MySQL Community Server (GPL)
2017-08-03 14:49:22 8040 [Note] Plugin 'FEDERATED' is disabled.
2017-08-03 14:49:22 8040 [Note] InnoDB: The InnoDB memory heap is disabled
2017-08-03 14:49:22 8040 [Note] InnoDB: Mutexes and rw_locks use Windows interlocked functions
2017-08-03 14:49:22 8040 [Note] InnoDB: Compressed tables use zlib 1.2.3
2017-08-03 14:49:22 8040 [Note] InnoDB: Not using CPU crc32 instructions
2017-08-03 14:49:22 8040 [Note] InnoDB: Initializing buffer pool, size = 128.0M
2017-08-03 14:49:22 8040 [Note] InnoDB: Completed initialization of buffer pool
2017-08-03 14:49:22 8040 [Note] InnoDB: Highest supported file format is Barracuda.
2017-08-03 14:49:22 8040 [Note] InnoDB: The log sequence numbers 1849830 and 1849830 in ibdata files do not match the log sequence number 1899264 in the ib_logfiles!
2017-08-03 14:49:22 8040 [Note] InnoDB: Database was not shutdown normally!
2017-08-03 14:49:22 8040 [Note] InnoDB: Starting crash recovery.
2017-08-03 14:49:22 8040 [Note] InnoDB: Reading tablespace information from the .ibd files...
2017-08-03 14:49:23 8040 [Note] InnoDB: Restoring possible half-written data pages 
2017-08-03 14:49:23 8040 [Note] InnoDB: from the doublewrite buffer...
2017-08-03 14:49:27 8040 [Note] InnoDB: 128 rollback segment(s) are active.
2017-08-03 14:49:27 8040 [Note] InnoDB: Waiting for purge to start
2017-08-03 14:49:27 8040 [Note] InnoDB: 5.6.13 started; log sequence number 1899264
2017-08-03 14:49:27 8040 [Note] Server hostname (bind-address): '*'; port: 3307
2017-08-03 14:49:27 8040 [Note] IPv6 is available.
2017-08-03 14:49:27 8040 [Note]   - '::' resolves to '::';
2017-08-03 14:49:27 8040 [Note] Server socket created on IP: '::'.
2017-08-03 14:49:30 8040 [Note] Event Scheduler: Loaded 0 events
2017-08-03 14:49:30 8040 [Note] E:\usbserver/mysql/bin/mysqld_usbwv8.exe: ready for connections.
Version: '5.6.13'  socket: ''  port: 3307  MySQL Community Server (GPL)
2017-08-03 14:55:34 6524 [Note] Plugin 'FEDERATED' is disabled.
2017-08-03 14:55:34 6524 [Note] InnoDB: The InnoDB memory heap is disabled
2017-08-03 14:55:34 6524 [Note] InnoDB: Mutexes and rw_locks use Windows interlocked functions
2017-08-03 14:55:34 6524 [Note] InnoDB: Compressed tables use zlib 1.2.3
2017-08-03 14:55:34 6524 [Note] InnoDB: Not using CPU crc32 instructions
2017-08-03 14:55:34 6524 [Note] InnoDB: Initializing buffer pool, size = 128.0M
2017-08-03 14:55:34 6524 [Note] InnoDB: Completed initialization of buffer pool
2017-08-03 14:55:34 6524 [Note] InnoDB: Highest supported file format is Barracuda.
2017-08-03 14:55:34 6524 [Note] InnoDB: The log sequence numbers 1849830 and 1849830 in ibdata files do not match the log sequence number 1899274 in the ib_logfiles!
2017-08-03 14:55:34 6524 [Note] InnoDB: Database was not shutdown normally!
2017-08-03 14:55:34 6524 [Note] InnoDB: Starting crash recovery.
2017-08-03 14:55:34 6524 [Note] InnoDB: Reading tablespace information from the .ibd files...
2017-08-03 14:55:34 6524 [Note] InnoDB: Restoring possible half-written data pages 
2017-08-03 14:55:34 6524 [Note] InnoDB: from the doublewrite buffer...
2017-08-03 14:55:37 6524 [Note] InnoDB: 128 rollback segment(s) are active.
2017-08-03 14:55:37 6524 [Note] InnoDB: Waiting for purge to start
2017-08-03 14:55:37 6524 [Note] InnoDB: 5.6.13 started; log sequence number 1899274
2017-08-03 14:55:37 6524 [Note] Server hostname (bind-address): '*'; port: 3307
2017-08-03 14:55:37 6524 [Note] IPv6 is available.
2017-08-03 14:55:37 6524 [Note]   - '::' resolves to '::';
2017-08-03 14:55:37 6524 [Note] Server socket created on IP: '::'.
2017-08-03 14:55:41 6524 [Note] Event Scheduler: Loaded 0 events
2017-08-03 14:55:41 6524 [Note] E:\usbserver/mysql/bin/mysqld_usbwv8.exe: ready for connections.
Version: '5.6.13'  socket: ''  port: 3307  MySQL Community Server (GPL)
2017-08-03 14:55:51 7664 [Note] Plugin 'FEDERATED' is disabled.
2017-08-03 14:55:51 7664 [Note] InnoDB: The InnoDB memory heap is disabled
2017-08-03 14:55:51 7664 [Note] InnoDB: Mutexes and rw_locks use Windows interlocked functions
2017-08-03 14:55:51 7664 [Note] InnoDB: Compressed tables use zlib 1.2.3
2017-08-03 14:55:51 7664 [Note] InnoDB: Not using CPU crc32 instructions
2017-08-03 14:55:51 7664 [Note] InnoDB: Initializing buffer pool, size = 128.0M
2017-08-03 14:55:51 7664 [Note] InnoDB: Completed initialization of buffer pool
2017-08-03 14:55:51 7664 [Note] InnoDB: Highest supported file format is Barracuda.
2017-08-03 14:55:51 7664 [Note] InnoDB: The log sequence numbers 1849830 and 1849830 in ibdata files do not match the log sequence number 1899284 in the ib_logfiles!
2017-08-03 14:55:51 7664 [Note] InnoDB: Database was not shutdown normally!
2017-08-03 14:55:51 7664 [Note] InnoDB: Starting crash recovery.
2017-08-03 14:55:51 7664 [Note] InnoDB: Reading tablespace information from the .ibd files...
2017-08-03 14:55:51 7664 [Note] InnoDB: Restoring possible half-written data pages 
2017-08-03 14:55:51 7664 [Note] InnoDB: from the doublewrite buffer...
2017-08-03 14:55:54 7664 [Note] InnoDB: 128 rollback segment(s) are active.
2017-08-03 14:55:54 7664 [Note] InnoDB: Waiting for purge to start
2017-08-03 14:55:54 7664 [Note] InnoDB: 5.6.13 started; log sequence number 1899284
2017-08-03 14:55:54 7664 [Note] Server hostname (bind-address): '*'; port: 3307
2017-08-03 14:55:54 7664 [Note] IPv6 is available.
2017-08-03 14:55:54 7664 [Note]   - '::' resolves to '::';
2017-08-03 14:55:54 7664 [Note] Server socket created on IP: '::'.
2017-08-03 14:55:55 7664 [Note] Event Scheduler: Loaded 0 events
2017-08-03 14:55:55 7664 [Note] E:\usbserver/mysql/bin/mysqld_usbwv8.exe: ready for connections.
Version: '5.6.13'  socket: ''  port: 3307  MySQL Community Server (GPL)
