2017-08-04 16:08:45 1168 [Note] Plugin 'FEDERATED' is disabled.
2017-08-04 16:08:46 1168 [Note] InnoDB: The InnoDB memory heap is disabled
2017-08-04 16:08:46 1168 [Note] InnoDB: Mutexes and rw_locks use Windows interlocked functions
2017-08-04 16:08:46 1168 [Note] InnoDB: Compressed tables use zlib 1.2.3
2017-08-04 16:08:46 1168 [Note] InnoDB: Not using CPU crc32 instructions
2017-08-04 16:08:46 1168 [Note] InnoDB: Initializing buffer pool, size = 128.0M
2017-08-04 16:08:46 1168 [Note] InnoDB: Completed initialization of buffer pool
2017-08-04 16:08:47 1168 [Note] InnoDB: Highest supported file format is Barracuda.
2017-08-04 16:08:47 1168 [Note] InnoDB: The log sequence numbers 1849830 and 1849830 in ibdata files do not match the log sequence number 1904652 in the ib_logfiles!
2017-08-04 16:08:47 1168 [Note] InnoDB: Database was not shutdown normally!
2017-08-04 16:08:47 1168 [Note] InnoDB: Starting crash recovery.
2017-08-04 16:08:47 1168 [Note] InnoDB: Reading tablespace information from the .ibd files...
2017-08-04 16:08:48 1168 [Note] InnoDB: Restoring possible half-written data pages 
2017-08-04 16:08:48 1168 [Note] InnoDB: from the doublewrite buffer...
2017-08-04 16:08:54 1168 [Note] InnoDB: 128 rollback segment(s) are active.
2017-08-04 16:08:54 1168 [Note] InnoDB: Waiting for purge to start
2017-08-04 16:08:55 1168 [Note] InnoDB: 5.6.13 started; log sequence number 1904652
2017-08-04 16:08:55 1168 [Note] Server hostname (bind-address): '*'; port: 3307
2017-08-04 16:08:55 1168 [Note] IPv6 is available.
2017-08-04 16:08:55 1168 [Note]   - '::' resolves to '::';
2017-08-04 16:08:55 1168 [Note] Server socket created on IP: '::'.
2017-08-07 16:09:48 3600 [Note] Plugin 'FEDERATED' is disabled.
2017-08-07 16:09:48 3600 [Note] InnoDB: The InnoDB memory heap is disabled
2017-08-07 16:09:48 3600 [Note] InnoDB: Mutexes and rw_locks use Windows interlocked functions
2017-08-07 16:09:48 3600 [Note] InnoDB: Compressed tables use zlib 1.2.3
2017-08-07 16:09:48 3600 [Note] InnoDB: Not using CPU crc32 instructions
2017-08-07 16:09:48 3600 [Note] InnoDB: Initializing buffer pool, size = 128.0M
2017-08-07 16:09:48 3600 [Note] InnoDB: Completed initialization of buffer pool
2017-08-07 16:09:48 3600 [Note] InnoDB: Highest supported file format is Barracuda.
2017-08-07 16:09:48 3600 [Note] InnoDB: The log sequence numbers 1849830 and 1849830 in ibdata files do not match the log sequence number 1966429 in the ib_logfiles!
2017-08-07 16:09:48 3600 [Note] InnoDB: Database was not shutdown normally!
2017-08-07 16:09:48 3600 [Note] InnoDB: Starting crash recovery.
2017-08-07 16:09:48 3600 [Note] InnoDB: Reading tablespace information from the .ibd files...
2017-08-07 16:09:48 3600 [Note] InnoDB: Restoring possible half-written data pages 
2017-08-07 16:09:48 3600 [Note] InnoDB: from the doublewrite buffer...
2017-08-07 16:09:52 3600 [Note] InnoDB: 128 rollback segment(s) are active.
2017-08-07 16:09:52 3600 [Note] InnoDB: Waiting for purge to start
2017-08-07 16:09:52 3600 [Note] InnoDB: 5.6.13 started; log sequence number 1966429
2017-08-07 16:09:52 3600 [Note] Server hostname (bind-address): '*'; port: 3307
2017-08-07 16:09:52 3600 [Note] IPv6 is available.
2017-08-07 16:09:52 3600 [Note]   - '::' resolves to '::';
2017-08-07 16:09:52 3600 [Note] Server socket created on IP: '::'.
2017-08-07 16:09:54 3600 [Note] Event Scheduler: Loaded 0 events
2017-08-07 16:09:54 3600 [Note] E:\usbserver/mysql/bin/mysqld_usbwv8.exe: ready for connections.
Version: '5.6.13'  socket: ''  port: 3307  MySQL Community Server (GPL)
2017-08-08 15:23:09 236 [Note] Plugin 'FEDERATED' is disabled.
2017-08-08 15:23:10 236 [Note] InnoDB: The InnoDB memory heap is disabled
2017-08-08 15:23:10 236 [Note] InnoDB: Mutexes and rw_locks use Windows interlocked functions
2017-08-08 15:23:10 236 [Note] InnoDB: Compressed tables use zlib 1.2.3
2017-08-08 15:23:10 236 [Note] InnoDB: Not using CPU crc32 instructions
2017-08-08 15:23:10 236 [Note] InnoDB: Initializing buffer pool, size = 128.0M
2017-08-08 15:23:10 236 [Note] InnoDB: Completed initialization of buffer pool
2017-08-08 15:23:13 236 [Note] InnoDB: Highest supported file format is Barracuda.
2017-08-08 15:23:13 236 [Note] InnoDB: The log sequence numbers 1849830 and 1849830 in ibdata files do not match the log sequence number 1974810 in the ib_logfiles!
2017-08-08 15:23:13 236 [Note] InnoDB: Database was not shutdown normally!
2017-08-08 15:23:13 236 [Note] InnoDB: Starting crash recovery.
2017-08-08 15:23:13 236 [Note] InnoDB: Reading tablespace information from the .ibd files...
2017-08-08 15:23:13 236 [Note] InnoDB: Restoring possible half-written data pages 
2017-08-08 15:23:13 236 [Note] InnoDB: from the doublewrite buffer...
2017-08-08 15:23:18 236 [Note] InnoDB: 128 rollback segment(s) are active.
2017-08-08 15:23:18 236 [Note] InnoDB: Waiting for purge to start
2017-08-08 15:23:18 236 [Note] InnoDB: 5.6.13 started; log sequence number 1974810
2017-08-08 15:23:18 236 [Note] Server hostname (bind-address): '*'; port: 3307
2017-08-08 15:23:18 236 [Note] IPv6 is available.
2017-08-08 15:23:18 236 [Note]   - '::' resolves to '::';
2017-08-08 15:23:18 236 [Note] Server socket created on IP: '::'.
2017-08-08 15:23:27 236 [Note] Event Scheduler: Loaded 0 events
2017-08-08 15:23:27 236 [Note] E:\usbserver/mysql/bin/mysqld_usbwv8.exe: ready for connections.
Version: '5.6.13'  socket: ''  port: 3307  MySQL Community Server (GPL)
