2016-10-19 16:19:17 3388 [Note] Plugin 'FEDERATED' is disabled.
2016-10-19 16:19:17 3388 [Note] InnoDB: The InnoDB memory heap is disabled
2016-10-19 16:19:17 3388 [Note] InnoDB: Mutexes and rw_locks use Windows interlocked functions
2016-10-19 16:19:17 3388 [Note] InnoDB: Compressed tables use zlib 1.2.3
2016-10-19 16:19:17 3388 [Note] InnoDB: Not using CPU crc32 instructions
2016-10-19 16:19:17 3388 [Note] InnoDB: Initializing buffer pool, size = 128.0M
2016-10-19 16:19:17 3388 [Note] InnoDB: Completed initialization of buffer pool
2016-10-19 16:19:17 3388 [Note] InnoDB: Highest supported file format is Barracuda.
2016-10-19 16:19:17 3388 [Note] InnoDB: The log sequence numbers 1686074 and 1686074 in ibdata files do not match the log sequence number 1828772 in the ib_logfiles!
2016-10-19 16:19:17 3388 [Note] InnoDB: Database was not shutdown normally!
2016-10-19 16:19:17 3388 [Note] InnoDB: Starting crash recovery.
2016-10-19 16:19:17 3388 [Note] InnoDB: Reading tablespace information from the .ibd files...
2016-10-19 16:19:17 3388 [Note] InnoDB: Restoring possible half-written data pages 
2016-10-19 16:19:17 3388 [Note] InnoDB: from the doublewrite buffer...
2016-10-19 16:19:19 3388 [Note] InnoDB: 128 rollback segment(s) are active.
2016-10-19 16:19:19 3388 [Note] InnoDB: Waiting for purge to start
2016-10-19 16:19:19 3388 [Note] InnoDB: 5.6.13 started; log sequence number 1828772
2016-10-19 16:19:19 3388 [Note] Server hostname (bind-address): '*'; port: 3307
2016-10-19 16:19:19 3388 [Note] IPv6 is available.
2016-10-19 16:19:19 3388 [Note]   - '::' resolves to '::';
2016-10-19 16:19:19 3388 [Note] Server socket created on IP: '::'.
2016-10-19 16:19:19 3388 [Note] Event Scheduler: Loaded 0 events
2016-10-19 16:19:19 3388 [Note] E:\usbserver/mysql/bin/mysqld_usbwv8.exe: ready for connections.
Version: '5.6.13'  socket: ''  port: 3307  MySQL Community Server (GPL)
2016-10-19 19:53:12 5784 [Note] Plugin 'FEDERATED' is disabled.
2016-10-19 19:53:12 5784 [Note] InnoDB: The InnoDB memory heap is disabled
2016-10-19 19:53:12 5784 [Note] InnoDB: Mutexes and rw_locks use Windows interlocked functions
2016-10-19 19:53:12 5784 [Note] InnoDB: Compressed tables use zlib 1.2.3
2016-10-19 19:53:12 5784 [Note] InnoDB: Not using CPU crc32 instructions
2016-10-19 19:53:12 5784 [Note] InnoDB: Initializing buffer pool, size = 128.0M
2016-10-19 19:53:12 5784 [Note] InnoDB: Completed initialization of buffer pool
2016-10-19 19:53:12 5784 [Note] InnoDB: Highest supported file format is Barracuda.
2016-10-19 19:53:12 5784 [Note] InnoDB: The log sequence numbers 1686074 and 1686074 in ibdata files do not match the log sequence number 1831461 in the ib_logfiles!
2016-10-19 19:53:12 5784 [Note] InnoDB: Database was not shutdown normally!
2016-10-19 19:53:12 5784 [Note] InnoDB: Starting crash recovery.
2016-10-19 19:53:12 5784 [Note] InnoDB: Reading tablespace information from the .ibd files...
2016-10-19 19:53:12 5784 [Note] InnoDB: Restoring possible half-written data pages 
2016-10-19 19:53:12 5784 [Note] InnoDB: from the doublewrite buffer...
2016-10-19 19:53:13 5784 [Note] InnoDB: 128 rollback segment(s) are active.
2016-10-19 19:53:13 5784 [Note] InnoDB: Waiting for purge to start
2016-10-19 19:53:13 5784 [Note] InnoDB: 5.6.13 started; log sequence number 1831461
2016-10-19 19:53:13 5784 [Note] Server hostname (bind-address): '*'; port: 3307
2016-10-19 19:53:13 5784 [Note] IPv6 is available.
2016-10-19 19:53:13 5784 [Note]   - '::' resolves to '::';
2016-10-19 19:53:13 5784 [Note] Server socket created on IP: '::'.
2016-10-19 19:53:14 5784 [Note] Event Scheduler: Loaded 0 events
2016-10-19 19:53:14 5784 [Note] E:\usbserver/mysql/bin/mysqld_usbwv8.exe: ready for connections.
Version: '5.6.13'  socket: ''  port: 3307  MySQL Community Server (GPL)
