2016-10-26 17:59:45 5720 [Note] Plugin 'FEDERATED' is disabled.
2016-10-26 17:59:45 5720 [Note] InnoDB: The InnoDB memory heap is disabled
2016-10-26 17:59:45 5720 [Note] InnoDB: Mutexes and rw_locks use Windows interlocked functions
2016-10-26 17:59:45 5720 [Note] InnoDB: Compressed tables use zlib 1.2.3
2016-10-26 17:59:45 5720 [Note] InnoDB: Not using CPU crc32 instructions
2016-10-26 17:59:45 5720 [Note] InnoDB: Initializing buffer pool, size = 128.0M
2016-10-26 17:59:45 5720 [Note] InnoDB: Completed initialization of buffer pool
2016-10-26 17:59:45 5720 [Note] InnoDB: Highest supported file format is Barracuda.
2016-10-26 17:59:45 5720 [Note] InnoDB: The log sequence numbers 1831624 and 1831624 in ibdata files do not match the log sequence number 1835645 in the ib_logfiles!
2016-10-26 17:59:45 5720 [Note] InnoDB: Database was not shutdown normally!
2016-10-26 17:59:45 5720 [Note] InnoDB: Starting crash recovery.
2016-10-26 17:59:45 5720 [Note] InnoDB: Reading tablespace information from the .ibd files...
2016-10-26 17:59:45 5720 [Note] InnoDB: Restoring possible half-written data pages 
2016-10-26 17:59:45 5720 [Note] InnoDB: from the doublewrite buffer...
2016-10-26 17:59:46 5720 [Note] InnoDB: 128 rollback segment(s) are active.
2016-10-26 17:59:46 5720 [Note] InnoDB: Waiting for purge to start
2016-10-26 17:59:46 5720 [Note] InnoDB: 5.6.13 started; log sequence number 1835645
2016-10-26 17:59:46 5720 [Note] Server hostname (bind-address): '*'; port: 3307
2016-10-26 17:59:46 5720 [Note] IPv6 is available.
2016-10-26 17:59:46 5720 [Note]   - '::' resolves to '::';
2016-10-26 17:59:46 5720 [Note] Server socket created on IP: '::'.
2016-10-26 17:59:47 5720 [Note] Event Scheduler: Loaded 0 events
2016-10-26 17:59:47 5720 [Note] F:\usbserver/mysql/bin/mysqld_usbwv8.exe: ready for connections.
Version: '5.6.13'  socket: ''  port: 3307  MySQL Community Server (GPL)
