2017-10-18 12:08:22 7080 [Note] Plugin 'FEDERATED' is disabled.
2017-10-18 12:08:22 7080 [Note] InnoDB: The InnoDB memory heap is disabled
2017-10-18 12:08:22 7080 [Note] InnoDB: Mutexes and rw_locks use Windows interlocked functions
2017-10-18 12:08:22 7080 [Note] InnoDB: Compressed tables use zlib 1.2.3
2017-10-18 12:08:22 7080 [Note] InnoDB: Not using CPU crc32 instructions
2017-10-18 12:08:22 7080 [Note] InnoDB: Initializing buffer pool, size = 128.0M
2017-10-18 12:08:22 7080 [Note] InnoDB: Completed initialization of buffer pool
2017-10-18 12:08:22 7080 [Note] InnoDB: Highest supported file format is Barracuda.
2017-10-18 12:08:22 7080 [Note] InnoDB: The log sequence numbers 1986225 and 1986225 in ibdata files do not match the log sequence number 1987051 in the ib_logfiles!
2017-10-18 12:08:22 7080 [Note] InnoDB: Database was not shutdown normally!
2017-10-18 12:08:22 7080 [Note] InnoDB: Starting crash recovery.
2017-10-18 12:08:22 7080 [Note] InnoDB: Reading tablespace information from the .ibd files...
2017-10-18 12:08:23 7080 [Note] InnoDB: Restoring possible half-written data pages 
2017-10-18 12:08:23 7080 [Note] InnoDB: from the doublewrite buffer...
2017-10-18 12:08:24 7080 [Note] InnoDB: 128 rollback segment(s) are active.
2017-10-18 12:08:24 7080 [Note] InnoDB: Waiting for purge to start
2017-10-18 12:08:24 7080 [Note] InnoDB: 5.6.13 started; log sequence number 1987051
2017-10-18 12:08:24 7080 [Note] Server hostname (bind-address): '*'; port: 3307
2017-10-18 12:08:24 7080 [Note] IPv6 is available.
2017-10-18 12:08:24 7080 [Note]   - '::' resolves to '::';
2017-10-18 12:08:24 7080 [Note] Server socket created on IP: '::'.
2017-10-18 12:08:25 7080 [Note] Event Scheduler: Loaded 0 events
2017-10-18 12:08:25 7080 [Note] E:\my control\usbserver/mysql/bin/mysqld_usbwv8.exe: ready for connections.
Version: '5.6.13'  socket: ''  port: 3307  MySQL Community Server (GPL)
2017-10-18 12:09:00 4324 [Note] Plugin 'FEDERATED' is disabled.
2017-10-18 12:09:00 4324 [Note] InnoDB: The InnoDB memory heap is disabled
2017-10-18 12:09:00 4324 [Note] InnoDB: Mutexes and rw_locks use Windows interlocked functions
2017-10-18 12:09:00 4324 [Note] InnoDB: Compressed tables use zlib 1.2.3
2017-10-18 12:09:00 4324 [Note] InnoDB: Not using CPU crc32 instructions
2017-10-18 12:09:00 4324 [Note] InnoDB: Initializing buffer pool, size = 128.0M
2017-10-18 12:09:00 4324 [Note] InnoDB: Completed initialization of buffer pool
2017-10-18 12:09:00 4324 [Note] InnoDB: Highest supported file format is Barracuda.
2017-10-18 12:09:00 4324 [Note] InnoDB: The log sequence numbers 1986225 and 1986225 in ibdata files do not match the log sequence number 1987061 in the ib_logfiles!
2017-10-18 12:09:00 4324 [Note] InnoDB: Database was not shutdown normally!
2017-10-18 12:09:00 4324 [Note] InnoDB: Starting crash recovery.
2017-10-18 12:09:00 4324 [Note] InnoDB: Reading tablespace information from the .ibd files...
2017-10-18 12:09:00 4324 [Note] InnoDB: Restoring possible half-written data pages 
2017-10-18 12:09:00 4324 [Note] InnoDB: from the doublewrite buffer...
2017-10-18 12:09:01 4324 [Note] InnoDB: 128 rollback segment(s) are active.
2017-10-18 12:09:01 4324 [Note] InnoDB: Waiting for purge to start
2017-10-18 12:09:01 4324 [Note] InnoDB: 5.6.13 started; log sequence number 1987061
2017-10-18 12:09:01 4324 [Note] Server hostname (bind-address): '*'; port: 3307
2017-10-18 12:09:01 4324 [Note] IPv6 is available.
2017-10-18 12:09:01 4324 [Note]   - '::' resolves to '::';
2017-10-18 12:09:01 4324 [Note] Server socket created on IP: '::'.
2017-10-18 12:09:02 4324 [Note] Event Scheduler: Loaded 0 events
2017-10-18 12:09:02 4324 [Note] E:\my control\usbserver/mysql/bin/mysqld_usbwv8.exe: ready for connections.
Version: '5.6.13'  socket: ''  port: 3307  MySQL Community Server (GPL)
2017-10-18 12:09:07 5920 [Note] Plugin 'FEDERATED' is disabled.
2017-10-18 12:09:07 5920 [Note] InnoDB: The InnoDB memory heap is disabled
2017-10-18 12:09:07 5920 [Note] InnoDB: Mutexes and rw_locks use Windows interlocked functions
2017-10-18 12:09:07 5920 [Note] InnoDB: Compressed tables use zlib 1.2.3
2017-10-18 12:09:07 5920 [Note] InnoDB: Not using CPU crc32 instructions
2017-10-18 12:09:07 5920 [Note] InnoDB: Initializing buffer pool, size = 128.0M
2017-10-18 12:09:07 5920 [Note] InnoDB: Completed initialization of buffer pool
2017-10-18 12:09:07 5920 [Note] InnoDB: Highest supported file format is Barracuda.
2017-10-18 12:09:07 5920 [Note] InnoDB: The log sequence numbers 1986225 and 1986225 in ibdata files do not match the log sequence number 1987087 in the ib_logfiles!
2017-10-18 12:09:07 5920 [Note] InnoDB: Database was not shutdown normally!
2017-10-18 12:09:07 5920 [Note] InnoDB: Starting crash recovery.
2017-10-18 12:09:07 5920 [Note] InnoDB: Reading tablespace information from the .ibd files...
2017-10-18 12:09:07 5920 [Note] InnoDB: Restoring possible half-written data pages 
2017-10-18 12:09:07 5920 [Note] InnoDB: from the doublewrite buffer...
2017-10-18 12:09:08 5920 [Note] InnoDB: 128 rollback segment(s) are active.
2017-10-18 12:09:08 5920 [Note] InnoDB: Waiting for purge to start
2017-10-18 12:09:08 5920 [Note] InnoDB: 5.6.13 started; log sequence number 1987087
2017-10-18 12:09:08 5920 [Note] Server hostname (bind-address): '*'; port: 3307
2017-10-18 12:09:08 5920 [Note] IPv6 is available.
2017-10-18 12:09:08 5920 [Note]   - '::' resolves to '::';
2017-10-18 12:09:08 5920 [Note] Server socket created on IP: '::'.
2017-10-18 12:09:09 5920 [Note] Event Scheduler: Loaded 0 events
2017-10-18 12:09:09 5920 [Note] E:\my control\usbserver/mysql/bin/mysqld_usbwv8.exe: ready for connections.
Version: '5.6.13'  socket: ''  port: 3307  MySQL Community Server (GPL)
