2017-10-10 11:58:34 7132 [Note] Plugin 'FEDERATED' is disabled.
2017-10-10 11:58:34 7132 [Note] InnoDB: The InnoDB memory heap is disabled
2017-10-10 11:58:34 7132 [Note] InnoDB: Mutexes and rw_locks use Windows interlocked functions
2017-10-10 11:58:34 7132 [Note] InnoDB: Compressed tables use zlib 1.2.3
2017-10-10 11:58:34 7132 [Note] InnoDB: Not using CPU crc32 instructions
2017-10-10 11:58:35 7132 [Note] InnoDB: Initializing buffer pool, size = 128.0M
2017-10-10 11:58:35 7132 [Note] InnoDB: Completed initialization of buffer pool
2017-10-10 11:58:35 7132 [Note] InnoDB: Highest supported file format is Barracuda.
2017-10-10 11:58:35 7132 [Note] InnoDB: The log sequence numbers 1986225 and 1986225 in ibdata files do not match the log sequence number 1987011 in the ib_logfiles!
2017-10-10 11:58:35 7132 [Note] InnoDB: Database was not shutdown normally!
2017-10-10 11:58:35 7132 [Note] InnoDB: Starting crash recovery.
2017-10-10 11:58:35 7132 [Note] InnoDB: Reading tablespace information from the .ibd files...
2017-10-10 11:58:36 7132 [Note] InnoDB: Restoring possible half-written data pages 
2017-10-10 11:58:36 7132 [Note] InnoDB: from the doublewrite buffer...
2017-10-10 11:58:38 7132 [Note] InnoDB: 128 rollback segment(s) are active.
2017-10-10 11:58:38 7132 [Note] InnoDB: Waiting for purge to start
2017-10-10 11:58:38 7132 [Note] InnoDB: 5.6.13 started; log sequence number 1987011
2017-10-10 11:58:38 7132 [Note] Server hostname (bind-address): '*'; port: 3307
2017-10-10 11:58:38 7132 [Note] IPv6 is available.
2017-10-10 11:58:38 7132 [Note]   - '::' resolves to '::';
2017-10-10 11:58:38 7132 [Note] Server socket created on IP: '::'.
