2017-10-16 20:52:23 4708 [Note] Plugin 'FEDERATED' is disabled.
2017-10-16 20:52:24 4708 [Note] InnoDB: The InnoDB memory heap is disabled
2017-10-16 20:52:24 4708 [Note] InnoDB: Mutexes and rw_locks use Windows interlocked functions
2017-10-16 20:52:24 4708 [Note] InnoDB: Compressed tables use zlib 1.2.3
2017-10-16 20:52:24 4708 [Note] InnoDB: Not using CPU crc32 instructions
2017-10-16 20:52:24 4708 [Note] InnoDB: Initializing buffer pool, size = 128.0M
2017-10-16 20:52:24 4708 [Note] InnoDB: Completed initialization of buffer pool
2017-10-16 20:52:25 4708 [Note] InnoDB: Highest supported file format is Barracuda.
2017-10-16 20:52:25 4708 [Note] InnoDB: The log sequence numbers 1986225 and 1986225 in ibdata files do not match the log sequence number 1987021 in the ib_logfiles!
2017-10-16 20:52:25 4708 [Note] InnoDB: Database was not shutdown normally!
2017-10-16 20:52:25 4708 [Note] InnoDB: Starting crash recovery.
2017-10-16 20:52:25 4708 [Note] InnoDB: Reading tablespace information from the .ibd files...
2017-10-16 20:52:27 4708 [Note] InnoDB: Restoring possible half-written data pages 
2017-10-16 20:52:27 4708 [Note] InnoDB: from the doublewrite buffer...
2017-10-16 20:52:34 4708 [Note] InnoDB: 128 rollback segment(s) are active.
2017-10-16 20:52:34 4708 [Note] InnoDB: Waiting for purge to start
2017-10-16 20:52:34 4708 [Note] InnoDB: 5.6.13 started; log sequence number 1987021
2017-10-16 20:52:34 4708 [Note] Server hostname (bind-address): '*'; port: 3307
2017-10-16 20:52:34 4708 [Note] IPv6 is available.
2017-10-16 20:52:34 4708 [Note]   - '::' resolves to '::';
2017-10-16 20:52:34 4708 [Note] Server socket created on IP: '::'.
2017-10-16 20:52:36 4708 [Note] Event Scheduler: Loaded 0 events
2017-10-16 20:52:36 4708 [Note] C:\Users\User\Desktop\my control\usbserver/mysql/bin/mysqld_usbwv8.exe: ready for connections.
Version: '5.6.13'  socket: ''  port: 3307  MySQL Community Server (GPL)
2017-11-13 21:54:52 4276 [Note] Plugin 'FEDERATED' is disabled.
2017-11-13 21:54:53 4276 [Note] InnoDB: The InnoDB memory heap is disabled
2017-11-13 21:54:53 4276 [Note] InnoDB: Mutexes and rw_locks use Windows interlocked functions
2017-11-13 21:54:53 4276 [Note] InnoDB: Compressed tables use zlib 1.2.3
2017-11-13 21:54:53 4276 [Note] InnoDB: Not using CPU crc32 instructions
2017-11-13 21:54:53 4276 [Note] InnoDB: Initializing buffer pool, size = 128.0M
2017-11-13 21:54:53 4276 [Note] InnoDB: Completed initialization of buffer pool
2017-11-13 21:54:53 4276 [Note] InnoDB: Highest supported file format is Barracuda.
2017-11-13 21:54:53 4276 [Note] InnoDB: The log sequence numbers 1987251 and 1987251 in ibdata files do not match the log sequence number 1987562 in the ib_logfiles!
2017-11-13 21:54:53 4276 [Note] InnoDB: Database was not shutdown normally!
2017-11-13 21:54:53 4276 [Note] InnoDB: Starting crash recovery.
2017-11-13 21:54:53 4276 [Note] InnoDB: Reading tablespace information from the .ibd files...
2017-11-13 21:54:53 4276 [Note] InnoDB: Restoring possible half-written data pages 
2017-11-13 21:54:53 4276 [Note] InnoDB: from the doublewrite buffer...
2017-11-13 21:54:54 4276 [Note] InnoDB: 128 rollback segment(s) are active.
2017-11-13 21:54:54 4276 [Note] InnoDB: Waiting for purge to start
2017-11-13 21:54:54 4276 [Note] InnoDB: Waiting for purge to start
2017-11-13 21:54:54 4276 [Note] InnoDB: Waiting for purge to start
2017-11-13 21:54:54 4276 [Note] InnoDB: Waiting for purge to start
2017-11-13 21:54:54 4276 [Note] InnoDB: 5.6.13 started; log sequence number 1987562
2017-11-13 21:54:54 4276 [Note] Server hostname (bind-address): '*'; port: 3307
2017-11-13 21:54:55 4276 [Note] IPv6 is available.
2017-11-13 21:54:55 4276 [Note]   - '::' resolves to '::';
2017-11-13 21:54:55 4276 [Note] Server socket created on IP: '::'.
2017-11-13 21:55:02 4276 [Note] Event Scheduler: Loaded 0 events
2017-11-13 21:55:02 4276 [Note] E:\my control\usbserver/mysql/bin/mysqld_usbwv8.exe: ready for connections.
Version: '5.6.13'  socket: ''  port: 3307  MySQL Community Server (GPL)
2017-11-20 10:55:37 4392 [Note] Plugin 'FEDERATED' is disabled.
2017-11-20 10:55:40 4392 [Note] InnoDB: The InnoDB memory heap is disabled
2017-11-20 10:55:40 4392 [Note] InnoDB: Mutexes and rw_locks use Windows interlocked functions
2017-11-20 10:55:40 4392 [Note] InnoDB: Compressed tables use zlib 1.2.3
2017-11-20 10:55:40 4392 [Note] InnoDB: Not using CPU crc32 instructions
2017-11-20 10:55:40 4392 [Note] InnoDB: Initializing buffer pool, size = 128.0M
2017-11-20 10:55:40 4392 [Note] InnoDB: Completed initialization of buffer pool
2017-11-20 10:55:40 4392 [Note] InnoDB: Highest supported file format is Barracuda.
2017-11-20 10:55:40 4392 [Note] InnoDB: The log sequence numbers 1987251 and 1987251 in ibdata files do not match the log sequence number 1987572 in the ib_logfiles!
2017-11-20 10:55:40 4392 [Note] InnoDB: Database was not shutdown normally!
2017-11-20 10:55:40 4392 [Note] InnoDB: Starting crash recovery.
2017-11-20 10:55:40 4392 [Note] InnoDB: Reading tablespace information from the .ibd files...
2017-11-20 10:55:41 4392 [Note] InnoDB: Restoring possible half-written data pages 
2017-11-20 10:55:41 4392 [Note] InnoDB: from the doublewrite buffer...
2017-11-20 10:55:46 4392 [Note] InnoDB: 128 rollback segment(s) are active.
2017-11-20 10:55:46 4392 [Note] InnoDB: Waiting for purge to start
2017-11-20 10:55:46 4392 [Note] InnoDB: 5.6.13 started; log sequence number 1987572
2017-11-20 10:55:46 4392 [Note] Server hostname (bind-address): '*'; port: 3307
2017-11-20 10:55:46 4392 [Note] IPv6 is available.
2017-11-20 10:55:46 4392 [Note]   - '::' resolves to '::';
2017-11-20 10:55:46 4392 [Note] Server socket created on IP: '::'.
2017-11-20 10:55:49 4392 [Note] Event Scheduler: Loaded 0 events
2017-11-20 10:55:49 4392 [Note] C:\Users\User\Desktop\my control\usbserver/mysql/bin/mysqld_usbwv8.exe: ready for connections.
Version: '5.6.13'  socket: ''  port: 3307  MySQL Community Server (GPL)
2017-11-20 11:02:43 4372 [Note] Plugin 'FEDERATED' is disabled.
2017-11-20 11:02:44 4372 [Note] InnoDB: The InnoDB memory heap is disabled
2017-11-20 11:02:44 4372 [Note] InnoDB: Mutexes and rw_locks use Windows interlocked functions
2017-11-20 11:02:44 4372 [Note] InnoDB: Compressed tables use zlib 1.2.3
2017-11-20 11:02:44 4372 [Note] InnoDB: Not using CPU crc32 instructions
2017-11-20 11:02:44 4372 [Note] InnoDB: Initializing buffer pool, size = 128.0M
2017-11-20 11:02:44 4372 [Note] InnoDB: Completed initialization of buffer pool
2017-11-20 11:02:44 4372 [Note] InnoDB: Highest supported file format is Barracuda.
2017-11-20 11:02:44 4372 [Note] InnoDB: The log sequence numbers 1987251 and 1987251 in ibdata files do not match the log sequence number 1987598 in the ib_logfiles!
2017-11-20 11:02:44 4372 [Note] InnoDB: Database was not shutdown normally!
2017-11-20 11:02:44 4372 [Note] InnoDB: Starting crash recovery.
2017-11-20 11:02:44 4372 [Note] InnoDB: Reading tablespace information from the .ibd files...
2017-11-20 11:02:45 4372 [Note] InnoDB: Restoring possible half-written data pages 
2017-11-20 11:02:45 4372 [Note] InnoDB: from the doublewrite buffer...
2017-11-20 11:02:53 4372 [Note] InnoDB: 128 rollback segment(s) are active.
2017-11-20 11:02:53 4372 [Note] InnoDB: Waiting for purge to start
2017-11-20 11:02:53 4372 [Note] InnoDB: 5.6.13 started; log sequence number 1987598
2017-11-20 11:02:53 4372 [Note] Server hostname (bind-address): '*'; port: 3307
2017-11-20 11:02:53 4372 [Note] IPv6 is available.
2017-11-20 11:02:53 4372 [Note]   - '::' resolves to '::';
2017-11-20 11:02:53 4372 [Note] Server socket created on IP: '::'.
2017-11-20 11:02:57 4372 [Note] Event Scheduler: Loaded 0 events
2017-11-20 11:02:57 4372 [Note] C:\Users\User\Desktop\my control\usbserver/mysql/bin/mysqld_usbwv8.exe: ready for connections.
Version: '5.6.13'  socket: ''  port: 3307  MySQL Community Server (GPL)
2017-11-21 20:55:57 5260 [Note] Plugin 'FEDERATED' is disabled.
2017-11-21 20:55:57 5260 [Note] InnoDB: The InnoDB memory heap is disabled
2017-11-21 20:55:57 5260 [Note] InnoDB: Mutexes and rw_locks use Windows interlocked functions
2017-11-21 20:55:57 5260 [Note] InnoDB: Compressed tables use zlib 1.2.3
2017-11-21 20:55:57 5260 [Note] InnoDB: Not using CPU crc32 instructions
2017-11-21 20:55:57 5260 [Note] InnoDB: Initializing buffer pool, size = 128.0M
2017-11-21 20:55:57 5260 [Note] InnoDB: Completed initialization of buffer pool
2017-11-21 20:55:57 5260 [Note] InnoDB: Highest supported file format is Barracuda.
2017-11-21 20:55:57 5260 [Note] InnoDB: The log sequence numbers 1987251 and 1987251 in ibdata files do not match the log sequence number 1987688 in the ib_logfiles!
2017-11-21 20:55:57 5260 [Note] InnoDB: Database was not shutdown normally!
2017-11-21 20:55:57 5260 [Note] InnoDB: Starting crash recovery.
2017-11-21 20:55:57 5260 [Note] InnoDB: Reading tablespace information from the .ibd files...
2017-11-21 20:55:57 5260 [Note] InnoDB: Restoring possible half-written data pages 
2017-11-21 20:55:57 5260 [Note] InnoDB: from the doublewrite buffer...
2017-11-21 20:55:58 5260 [Note] InnoDB: 128 rollback segment(s) are active.
2017-11-21 20:55:58 5260 [Note] InnoDB: Waiting for purge to start
2017-11-21 20:55:58 5260 [Note] InnoDB: 5.6.13 started; log sequence number 1987688
2017-11-21 20:55:58 5260 [Note] Server hostname (bind-address): '*'; port: 3307
2017-11-21 20:55:58 5260 [Note] IPv6 is available.
2017-11-21 20:55:58 5260 [Note]   - '::' resolves to '::';
2017-11-21 20:55:58 5260 [Note] Server socket created on IP: '::'.
2017-11-21 20:56:03 5260 [Note] Event Scheduler: Loaded 0 events
2017-11-21 20:56:03 5260 [Note] E:\my control\usbserver/mysql/bin/mysqld_usbwv8.exe: ready for connections.
Version: '5.6.13'  socket: ''  port: 3307  MySQL Community Server (GPL)
2017-11-26 11:41:02 6084 [Note] Plugin 'FEDERATED' is disabled.
2017-11-26 11:41:02 6084 [Note] InnoDB: The InnoDB memory heap is disabled
2017-11-26 11:41:02 6084 [Note] InnoDB: Mutexes and rw_locks use Windows interlocked functions
2017-11-26 11:41:02 6084 [Note] InnoDB: Compressed tables use zlib 1.2.3
2017-11-26 11:41:02 6084 [Note] InnoDB: Not using CPU crc32 instructions
2017-11-26 11:41:02 6084 [Note] InnoDB: Initializing buffer pool, size = 128.0M
2017-11-26 11:41:02 6084 [Note] InnoDB: Completed initialization of buffer pool
2017-11-26 11:41:02 6084 [Note] InnoDB: Highest supported file format is Barracuda.
2017-11-26 11:41:02 6084 [Note] InnoDB: The log sequence numbers 1987251 and 1987251 in ibdata files do not match the log sequence number 1987698 in the ib_logfiles!
2017-11-26 11:41:02 6084 [Note] InnoDB: Database was not shutdown normally!
2017-11-26 11:41:02 6084 [Note] InnoDB: Starting crash recovery.
2017-11-26 11:41:02 6084 [Note] InnoDB: Reading tablespace information from the .ibd files...
2017-11-26 11:41:03 6084 [Note] InnoDB: Restoring possible half-written data pages 
2017-11-26 11:41:03 6084 [Note] InnoDB: from the doublewrite buffer...
2017-11-26 11:41:04 6084 [Note] InnoDB: 128 rollback segment(s) are active.
2017-11-26 11:41:04 6084 [Note] InnoDB: Waiting for purge to start
2017-11-26 11:41:04 6084 [Note] InnoDB: 5.6.13 started; log sequence number 1987698
2017-11-26 11:41:04 6084 [Note] Server hostname (bind-address): '*'; port: 3307
2017-11-26 11:41:04 6084 [Note] IPv6 is available.
2017-11-26 11:41:04 6084 [Note]   - '::' resolves to '::';
2017-11-26 11:41:04 6084 [Note] Server socket created on IP: '::'.
2017-11-27 11:57:37 2024 [Note] Plugin 'FEDERATED' is disabled.
2017-11-27 11:57:37 2024 [Note] InnoDB: The InnoDB memory heap is disabled
2017-11-27 11:57:37 2024 [Note] InnoDB: Mutexes and rw_locks use Windows interlocked functions
2017-11-27 11:57:37 2024 [Note] InnoDB: Compressed tables use zlib 1.2.3
2017-11-27 11:57:37 2024 [Note] InnoDB: Not using CPU crc32 instructions
2017-11-27 11:57:37 2024 [Note] InnoDB: Initializing buffer pool, size = 128.0M
2017-11-27 11:57:37 2024 [Note] InnoDB: Completed initialization of buffer pool
2017-11-27 11:57:38 2024 [Note] InnoDB: Highest supported file format is Barracuda.
2017-11-27 11:57:38 2024 [Note] InnoDB: The log sequence numbers 1987251 and 1987251 in ibdata files do not match the log sequence number 2048768 in the ib_logfiles!
2017-11-27 11:57:38 2024 [Note] InnoDB: Database was not shutdown normally!
2017-11-27 11:57:38 2024 [Note] InnoDB: Starting crash recovery.
2017-11-27 11:57:38 2024 [Note] InnoDB: Reading tablespace information from the .ibd files...
2017-11-27 11:57:38 2024 [Note] InnoDB: Restoring possible half-written data pages 
2017-11-27 11:57:38 2024 [Note] InnoDB: from the doublewrite buffer...
2017-11-27 11:57:39 2024 [Note] InnoDB: 128 rollback segment(s) are active.
2017-11-27 11:57:39 2024 [Note] InnoDB: Waiting for purge to start
2017-11-27 11:57:39 2024 [Note] InnoDB: 5.6.13 started; log sequence number 2048768
2017-11-27 11:57:39 2024 [Note] Server hostname (bind-address): '*'; port: 3307
2017-11-27 11:57:39 2024 [Note] IPv6 is available.
2017-11-27 11:57:39 2024 [Note]   - '::' resolves to '::';
2017-11-27 11:57:39 2024 [Note] Server socket created on IP: '::'.
2017-11-27 11:57:47 2024 [Note] Event Scheduler: Loaded 0 events
2017-11-27 11:57:47 2024 [Note] E:\my control\usbserver/mysql/bin/mysqld_usbwv8.exe: ready for connections.
Version: '5.6.13'  socket: ''  port: 3307  MySQL Community Server (GPL)
2017-11-28 19:42:17 5428 [Note] Plugin 'FEDERATED' is disabled.
2017-11-28 19:42:17 5428 [Note] InnoDB: The InnoDB memory heap is disabled
2017-11-28 19:42:17 5428 [Note] InnoDB: Mutexes and rw_locks use Windows interlocked functions
2017-11-28 19:42:17 5428 [Note] InnoDB: Compressed tables use zlib 1.2.3
2017-11-28 19:42:17 5428 [Note] InnoDB: Not using CPU crc32 instructions
2017-11-28 19:42:17 5428 [Note] InnoDB: Initializing buffer pool, size = 128.0M
2017-11-28 19:42:17 5428 [Note] InnoDB: Completed initialization of buffer pool
2017-11-28 19:42:17 5428 [Note] InnoDB: Highest supported file format is Barracuda.
2017-11-28 19:42:17 5428 [Note] InnoDB: The log sequence numbers 2134386 and 2134386 in ibdata files do not match the log sequence number 2143670 in the ib_logfiles!
2017-11-28 19:42:17 5428 [Note] InnoDB: Database was not shutdown normally!
2017-11-28 19:42:17 5428 [Note] InnoDB: Starting crash recovery.
2017-11-28 19:42:17 5428 [Note] InnoDB: Reading tablespace information from the .ibd files...
2017-11-28 19:42:17 5428 [Note] InnoDB: Restoring possible half-written data pages 
2017-11-28 19:42:17 5428 [Note] InnoDB: from the doublewrite buffer...
2017-11-28 19:42:19 5428 [Note] InnoDB: 128 rollback segment(s) are active.
2017-11-28 19:42:19 5428 [Note] InnoDB: Waiting for purge to start
2017-11-28 19:42:19 5428 [Note] InnoDB: 5.6.13 started; log sequence number 2143670
2017-11-28 19:42:19 5428 [Note] Server hostname (bind-address): '*'; port: 3307
2017-11-28 19:42:19 5428 [Note] IPv6 is available.
2017-11-28 19:42:19 5428 [Note]   - '::' resolves to '::';
2017-11-28 19:42:19 5428 [Note] Server socket created on IP: '::'.
2017-11-28 19:42:21 5428 [Note] Event Scheduler: Loaded 0 events
2017-11-28 19:42:21 5428 [Note] E:\my control\usbserver/mysql/bin/mysqld_usbwv8.exe: ready for connections.
Version: '5.6.13'  socket: ''  port: 3307  MySQL Community Server (GPL)
2018-05-16 17:16:23 6180 [Note] Plugin 'FEDERATED' is disabled.
2018-05-16 17:16:23 6180 [Note] InnoDB: The InnoDB memory heap is disabled
2018-05-16 17:16:23 6180 [Note] InnoDB: Mutexes and rw_locks use Windows interlocked functions
2018-05-16 17:16:23 6180 [Note] InnoDB: Compressed tables use zlib 1.2.3
2018-05-16 17:16:23 6180 [Note] InnoDB: Not using CPU crc32 instructions
2018-05-16 17:16:23 6180 [Note] InnoDB: Initializing buffer pool, size = 128.0M
2018-05-16 17:16:23 6180 [Note] InnoDB: Completed initialization of buffer pool
2018-05-16 17:16:23 6180 [Note] InnoDB: Highest supported file format is Barracuda.
2018-05-16 17:16:23 6180 [Note] InnoDB: The log sequence numbers 2134386 and 2134386 in ibdata files do not match the log sequence number 2182373 in the ib_logfiles!
2018-05-16 17:16:23 6180 [Note] InnoDB: Database was not shutdown normally!
2018-05-16 17:16:23 6180 [Note] InnoDB: Starting crash recovery.
2018-05-16 17:16:23 6180 [Note] InnoDB: Reading tablespace information from the .ibd files...
2018-05-16 17:16:23 6180 [Note] InnoDB: Restoring possible half-written data pages 
2018-05-16 17:16:23 6180 [Note] InnoDB: from the doublewrite buffer...
2018-05-16 17:16:25 6180 [Note] InnoDB: 128 rollback segment(s) are active.
2018-05-16 17:16:25 6180 [Note] InnoDB: Waiting for purge to start
2018-05-16 17:16:25 6180 [Note] InnoDB: 5.6.13 started; log sequence number 2182373
2018-05-16 17:16:25 6180 [Note] Server hostname (bind-address): '*'; port: 3307
2018-05-16 17:16:25 6180 [Note] IPv6 is available.
2018-05-16 17:16:25 6180 [Note]   - '::' resolves to '::';
2018-05-16 17:16:25 6180 [Note] Server socket created on IP: '::'.
2018-05-16 17:16:26 6180 [Note] Event Scheduler: Loaded 0 events
2018-05-16 17:16:26 6180 [Note] E:\my control\usbserver/mysql/bin/mysqld_usbwv8.exe: ready for connections.
Version: '5.6.13'  socket: ''  port: 3307  MySQL Community Server (GPL)
