::1 - - [16/May/2018:17:16:47 -0300] "GET / HTTP/1.1" 200 75116
::1 - - [16/May/2018:17:16:47 -0300] "GET /index.php?=PHPE9568F34-D428-11d2-A769-00AA001ACF42 HTTP/1.1" 200 2524
::1 - - [16/May/2018:17:16:47 -0300] "GET /index.php?=PHPE9568F35-D428-11d2-A769-00AA001ACF42 HTTP/1.1" 200 2146
::1 - - [16/May/2018:17:16:58 -0300] "GET //novo/site/site%20att/index.html HTTP/1.1" 200 37512
::1 - - [16/May/2018:17:17:00 -0300] "GET //novo/site/site%20att/assets/css/bootstrap.min.css HTTP/1.1" 200 113498
::1 - - [16/May/2018:17:17:00 -0300] "GET //novo/site/site%20att/assets/css/font2.css HTTP/1.1" 404 237
::1 - - [16/May/2018:17:17:00 -0300] "GET //novo/site/site%20att/assets/css/font.css HTTP/1.1" 404 236
::1 - - [16/May/2018:17:17:00 -0300] "GET //novo/site/site%20att/assets/css/font-awesome.min.css HTTP/1.1" 200 26711
::1 - - [16/May/2018:17:17:00 -0300] "GET //novo/site/site%20att/assets/css/magnific-popup.css HTTP/1.1" 200 7806
::1 - - [16/May/2018:17:17:00 -0300] "GET //novo/site/site%20att/assets/css/plugins.css HTTP/1.1" 200 128611
::1 - - [16/May/2018:17:17:00 -0300] "GET //novo/site/site%20att/assets/css/style.css HTTP/1.1" 200 30641
::1 - - [16/May/2018:17:17:00 -0300] "GET //novo/site/site%20att/assets/css/responsive.css HTTP/1.1" 200 5477
::1 - - [16/May/2018:17:17:00 -0300] "GET //novo/site/site%20att/assets/js/vendor/modernizr-2.8.3-respond-1.4.2.min.js HTTP/1.1" 200 20106
::1 - - [16/May/2018:17:17:00 -0300] "GET //novo/site/site%20att/assets/js/vendor/jquery-1.11.2.min.js HTTP/1.1" 200 95931
::1 - - [16/May/2018:17:17:00 -0300] "GET //novo/site/site%20att/assets/js/vendor/bootstrap.min.js HTTP/1.1" 200 35601
::1 - - [16/May/2018:17:17:00 -0300] "GET //novo/site/site%20att/assets/js/jquery.magnific-popup.js HTTP/1.1" 200 46354
::1 - - [16/May/2018:17:17:00 -0300] "GET //novo/site/site%20att/assets/js/jquery.mixitup.min.js HTTP/1.1" 200 28935
::1 - - [16/May/2018:17:17:00 -0300] "GET //novo/site/site%20att/assets/js/jquery.easing.1.3.js HTTP/1.1" 200 8097
::1 - - [16/May/2018:17:17:00 -0300] "GET //novo/site/site%20att/assets/js/jquery.masonry.min.js HTTP/1.1" 200 22953
::1 - - [16/May/2018:17:17:00 -0300] "GET //novo/site/site%20att/assets/js/gmaps.min.js HTTP/1.1" 200 31680
::1 - - [16/May/2018:17:17:00 -0300] "GET //novo/site/site%20att/assets/js/plugins.js HTTP/1.1" 200 67758
::1 - - [16/May/2018:17:17:00 -0300] "GET //novo/site/site%20att/assets/js/main.js HTTP/1.1" 200 4815
::1 - - [16/May/2018:17:17:00 -0300] "GET //novo/site/site%20att/assets/images/logofinal1.png HTTP/1.1" 200 12480
::1 - - [16/May/2018:17:17:00 -0300] "GET //novo/site/site%20att/assets/images/p2.png HTTP/1.1" 200 837684
::1 - - [16/May/2018:17:17:00 -0300] "GET //novo/site/site%20att/assets/images/p1.png HTTP/1.1" 200 948868
::1 - - [16/May/2018:17:17:00 -0300] "GET //novo/site/site%20att/assets/fonts/fontawesome-webfont.woff2?v=4.3.0 HTTP/1.1" 200 64464
::1 - - [16/May/2018:17:17:00 -0300] "GET //novo/site/site%20att/assets/images/receitas.png HTTP/1.1" 200 1022161
::1 - - [16/May/2018:17:17:00 -0300] "GET //novo/site/site%20att/calc.jpg HTTP/1.1" 200 86538
::1 - - [16/May/2018:17:17:00 -0300] "GET //novo/site/site%20att/assets/images/p5.png HTTP/1.1" 200 710846
::1 - - [16/May/2018:17:17:00 -0300] "GET //novo/site/site%20att/assets/images/p7.png HTTP/1.1" 200 2766
::1 - - [16/May/2018:17:17:00 -0300] "GET //novo/site/site%20att/assets/images/marcy.png HTTP/1.1" 200 365960
::1 - - [16/May/2018:17:17:00 -0300] "GET //novo/site/site%20att/assets/images/bia.png HTTP/1.1" 200 644102
::1 - - [16/May/2018:17:17:00 -0300] "GET //novo/site/site%20att/assets/images/videobg.jpg HTTP/1.1" 404 242
::1 - - [16/May/2018:17:17:00 -0300] "GET //novo/site/site%20att/assets/images/fundo.png HTTP/1.1" 200 609107
::1 - - [16/May/2018:17:17:00 -0300] "GET //novo/site/site%20att/assets/images/Silinhas.png HTTP/1.1" 200 141023
::1 - - [16/May/2018:17:17:00 -0300] "GET //novo/site/site%20att/assets/images/thom.png HTTP/1.1" 200 282757
::1 - - [16/May/2018:17:17:00 -0300] "GET //novo/site/site%20att/assets/images/.png HTTP/1.1" 404 235
::1 - - [16/May/2018:17:17:00 -0300] "GET //novo/site/site%20att/assets/images/logofinal.png HTTP/1.1" 200 16012
::1 - - [16/May/2018:17:17:00 -0300] "GET //novo/site/site%20att/assets/images/stabmenubg.png HTTP/1.1" 200 1274
::1 - - [16/May/2018:17:17:00 -0300] "GET //novo/site/site%20att/assets/images/p4.png HTTP/1.1" 200 379971
::1 - - [16/May/2018:17:17:01 -0300] "GET //novo/site/site%20att/logofinal1.png HTTP/1.1" 200 12480
::1 - - [16/May/2018:17:17:02 -0300] "GET //novo/site/site%20att/login.html HTTP/1.1" 200 4061
::1 - - [16/May/2018:17:17:02 -0300] "GET //novo/site/site%20att/js/index.js HTTP/1.1" 200 2841
::1 - - [16/May/2018:17:17:02 -0300] "GET //novo/site/site%20att/css/normalize.css HTTP/1.1" 200 2050
::1 - - [16/May/2018:17:17:02 -0300] "GET //novo/site/site%20att/css/style1.css HTTP/1.1" 200 14499
::1 - - [16/May/2018:17:17:02 -0300] "GET //novo/site/site%20att/diabetess.jpg HTTP/1.1" 200 22477
::1 - - [16/May/2018:17:17:02 -0300] "GET //novo/site/site%20att/css/closebutton.png HTTP/1.1" 200 2592
::1 - - [16/May/2018:17:17:02 -0300] "GET //novo/site/site%20att/logotittle.png HTTP/1.1" 404 231
::1 - - [16/May/2018:17:17:04 -0300] "POST //novo/site/site%20att/login.php HTTP/1.1" 302 321
::1 - - [16/May/2018:17:17:04 -0300] "GET //novo/site/site%20att/perfil.php HTTP/1.1" 200 34017
::1 - - [16/May/2018:17:17:04 -0300] "GET //novo/site/site%20att/assets/css/font.css HTTP/1.1" 404 236
::1 - - [16/May/2018:17:17:04 -0300] "GET //novo/site/site%20att/assets/css/font2.css HTTP/1.1" 404 237
::1 - - [16/May/2018:17:17:04 -0300] "GET //novo/site/site%20att/assets/images/videobg.jpg HTTP/1.1" 404 242
::1 - - [16/May/2018:17:17:04 -0300] "GET //novo/site/site%20att/assets/images/.png HTTP/1.1" 404 235
::1 - - [16/May/2018:17:17:05 -0300] "GET //novo/site/site%20att/assets/images/stabmenubghv.png HTTP/1.1" 200 3030
::1 - - [16/May/2018:17:17:07 -0300] "GET //novo/site/site%20att/minhaconta.php HTTP/1.1" 200 17357
::1 - - [16/May/2018:17:17:07 -0300] "GET //novo/site/site%20att/assets/css/font2.css HTTP/1.1" 404 237
::1 - - [16/May/2018:17:17:07 -0300] "GET //novo/site/site%20att/assets/css/minhaconta.css HTTP/1.1" 200 32164
::1 - - [16/May/2018:17:17:07 -0300] "GET //novo/site/site%20att/assets/css/font.css HTTP/1.1" 404 236
::1 - - [16/May/2018:17:17:07 -0300] "GET //novo/site/site%20att/3.3.7.js.bootstrap.js HTTP/1.1" 404 238
::1 - - [16/May/2018:17:17:07 -0300] "GET //novo/site/site%20att/meudiario.jpg HTTP/1.1" 200 140223
::1 - - [16/May/2018:17:17:07 -0300] "GET //novo/site/site%20att/assets/images/videobg.jpg HTTP/1.1" 404 242
::1 - - [16/May/2018:17:17:12 -0300] "GET //novo/site/site%20att/meuperf.php HTTP/1.1" 200 1406
::1 - - [16/May/2018:17:17:12 -0300] "GET //novo/site/site%20att/css/normalize4.css HTTP/1.1" 200 2204
::1 - - [16/May/2018:17:17:12 -0300] "GET //novo/site/site%20att/css/style4.css HTTP/1.1" 200 14499
::1 - - [16/May/2018:17:17:16 -0300] "GET //novo/site/site%20att/minhaconta.php HTTP/1.1" 200 17357
::1 - - [16/May/2018:17:17:16 -0300] "GET //novo/site/site%20att/assets/css/font2.css HTTP/1.1" 404 237
::1 - - [16/May/2018:17:17:16 -0300] "GET //novo/site/site%20att/3.3.7.js.bootstrap.js HTTP/1.1" 404 238
::1 - - [16/May/2018:17:17:16 -0300] "GET //novo/site/site%20att/assets/css/font.css HTTP/1.1" 404 236
::1 - - [16/May/2018:17:17:16 -0300] "GET //novo/site/site%20att/assets/images/videobg.jpg HTTP/1.1" 404 242
::1 - - [16/May/2018:17:17:20 -0300] "GET //novo/site/site%20att/calculadoraLogado.php HTTP/1.1" 200 23367
::1 - - [16/May/2018:17:17:20 -0300] "GET //novo/site/site%20att/funcs.js HTTP/1.1" 200 2142
::1 - - [16/May/2018:17:17:20 -0300] "GET //novo/site/site%20att/css/normalize3.css HTTP/1.1" 200 2206
::1 - - [16/May/2018:17:17:20 -0300] "GET //novo/site/site%20att/css/style3.css HTTP/1.1" 200 14499
::1 - - [16/May/2018:17:17:25 -0300] "GET //novo/site/site%20att/minhaconta.php HTTP/1.1" 200 17357
::1 - - [16/May/2018:17:17:25 -0300] "GET //novo/site/site%20att/assets/css/font2.css HTTP/1.1" 404 237
::1 - - [16/May/2018:17:17:25 -0300] "GET //novo/site/site%20att/3.3.7.js.bootstrap.js HTTP/1.1" 404 238
::1 - - [16/May/2018:17:17:25 -0300] "GET //novo/site/site%20att/assets/css/font.css HTTP/1.1" 404 236
::1 - - [16/May/2018:17:17:25 -0300] "GET //novo/site/site%20att/assets/images/videobg.jpg HTTP/1.1" 404 242
::1 - - [16/May/2018:17:17:26 -0300] "GET //novo/site/site%20att/perfil.php HTTP/1.1" 200 34017
::1 - - [16/May/2018:17:17:26 -0300] "GET //novo/site/site%20att/assets/css/font.css HTTP/1.1" 404 236
::1 - - [16/May/2018:17:17:26 -0300] "GET //novo/site/site%20att/assets/css/font2.css HTTP/1.1" 404 237
::1 - - [16/May/2018:17:17:26 -0300] "GET //novo/site/site%20att/assets/images/videobg.jpg HTTP/1.1" 404 242
::1 - - [16/May/2018:17:17:26 -0300] "GET //novo/site/site%20att/assets/images/.png HTTP/1.1" 404 235
::1 - - [16/May/2018:17:17:30 -0300] "GET //novo/site/site%20att/receitasdiet.php HTTP/1.1" 200 30689
::1 - - [16/May/2018:17:17:30 -0300] "GET //novo/site/site%20att/assets/css/font2.css HTTP/1.1" 404 237
::1 - - [16/May/2018:17:17:30 -0300] "GET //novo/site/site%20att/assets/css/font.css HTTP/1.1" 404 236
::1 - - [16/May/2018:17:17:30 -0300] "GET //novo/site/site%20att/assets/css/style2.css HTTP/1.1" 200 30641
::1 - - [16/May/2018:17:17:30 -0300] "GET //novo/site/site%20att/modl/css/style.css HTTP/1.1" 200 12726
::1 - - [16/May/2018:17:17:30 -0300] "GET //novo/site/site%20att/modl/css/reset.css HTTP/1.1" 200 1146
::1 - - [16/May/2018:17:17:30 -0300] "GET //novo/site/site%20att/modl/js/modernizr.js HTTP/1.1" 200 51351
::1 - - [16/May/2018:17:17:30 -0300] "GET //novo/site/site%20att/modl/js/jquery-2.1.1.js HTTP/1.1" 200 247351
::1 - - [16/May/2018:17:17:30 -0300] "GET //novo/site/site%20att/modl/js/velocity.min.js HTTP/1.1" 200 33777
::1 - - [16/May/2018:17:17:30 -0300] "GET //novo/site/site%20att/assets/images/videobg.jpg HTTP/1.1" 404 242
::1 - - [16/May/2018:17:17:30 -0300] "GET //novo/site/site%20att/modl/js/main.js HTTP/1.1" 200 6942
::1 - - [16/May/2018:17:17:30 -0300] "GET //novo/site/site%20att/canjica1.jpg HTTP/1.1" 200 145491
::1 - - [16/May/2018:17:17:30 -0300] "GET //novo/site/site%20att/js/jquery-2.1.1.js HTTP/1.1" 404 235
::1 - - [16/May/2018:17:17:30 -0300] "GET //novo/site/site%20att/modl/img/lasanha.jpg HTTP/1.1" 200 33516
::1 - - [16/May/2018:17:17:30 -0300] "GET //novo/site/site%20att/modl/img/pudim.jpg HTTP/1.1" 200 258397
::1 - - [16/May/2018:17:17:30 -0300] "GET //novo/site/site%20att/modl/img/item-3.jpg HTTP/1.1" 404 236
::1 - - [16/May/2018:17:17:30 -0300] "GET //novo/site/site%20att/modl/img/item-2.jpg HTTP/1.1" 404 236
::1 - - [16/May/2018:17:17:30 -0300] "GET //novo/site/site%20att/fatima.jpg HTTP/1.1" 200 64323
::1 - - [16/May/2018:17:17:30 -0300] "GET //novo/site/site%20att/receita3.jpg HTTP/1.1" 200 127145
::1 - - [16/May/2018:17:17:30 -0300] "GET //novo/site/site%20att/tortaaplle.jpg HTTP/1.1" 200 213043
::1 - - [16/May/2018:17:17:30 -0300] "GET //novo/site/site%20att/lasanha.jpg HTTP/1.1" 200 33516
::1 - - [16/May/2018:17:17:30 -0300] "GET //novo/site/site%20att/pao-de-queijo.jpg HTTP/1.1" 200 93268
::1 - - [16/May/2018:17:17:30 -0300] "GET //novo/site/site%20att/Bolo_chocolate.jpg HTTP/1.1" 200 63515
::1 - - [16/May/2018:17:17:30 -0300] "GET //novo/site/site%20att/js/jquery-2.1.1.js HTTP/1.1" 404 235
::1 - - [16/May/2018:17:17:34 -0300] "GET //novo/site/site%20att/modl/img/item-3.jpg HTTP/1.1" 404 236
::1 - - [16/May/2018:17:17:34 -0300] "GET //novo/site/site%20att/modl/img/item-2.jpg HTTP/1.1" 404 236
::1 - - [16/May/2018:17:17:46 -0300] "GET //novo/site/site%20att/perfil.php HTTP/1.1" 200 34017
::1 - - [16/May/2018:17:17:46 -0300] "GET //novo/site/site%20att/assets/css/font2.css HTTP/1.1" 404 237
::1 - - [16/May/2018:17:17:46 -0300] "GET //novo/site/site%20att/assets/css/font.css HTTP/1.1" 404 236
::1 - - [16/May/2018:17:17:46 -0300] "GET //novo/site/site%20att/assets/images/videobg.jpg HTTP/1.1" 404 242
::1 - - [16/May/2018:17:17:46 -0300] "GET //novo/site/site%20att/assets/images/.png HTTP/1.1" 404 235
